[INFO] 2025-06-27 18:23:57,241 - expenses.services.onedrive_service: File URL retrieved for billing_uploads/copy of s1/dataextr.pdf
[INFO] 2025-06-27 18:23:57,247 - expenses.services.onedrive_service: Token cache saved successfully
[INFO] 2025-06-27 18:23:57,469 - expenses.services.onedrive_service: File URL retrieved for billing_uploads/copy of s1/dataextr.pdf
[INFO] 2025-06-27 18:23:57,497 - expenses.services.onedrive_service: Token cache saved successfully
[INFO] 2025-06-27 18:23:57,697 - expenses.services.onedrive_service: File URL retrieved for billing_uploads/s1/cdc.jpg
[INFO] 2025-06-27 18:23:57,701 - expenses.services.onedrive_service: Token cache saved successfully
[INFO] 2025-06-27 18:23:57,909 - expenses.services.onedrive_service: File URL retrieved for billing_uploads/s1/cdc.jpg
[INFO] 2025-06-27 18:23:57,916 - expenses.services.onedrive_service: Token cache saved successfully
[INFO] 2025-06-27 18:23:58,131 - expenses.services.onedrive_service: File URL retrieved for billing_uploads/s1/CFA_Curriculum.pdf
[INFO] 2025-06-27 18:23:58,151 - expenses.services.onedrive_service: Token cache saved successfully
[INFO] 2025-06-27 18:23:58,353 - expenses.services.onedrive_service: File URL retrieved for billing_uploads/s1/CFA_Curriculum.pdf
[INFO] 2025-06-27 18:23:58,365 - expenses.services.onedrive_service: Token cache saved successfully
[INFO] 2025-06-27 18:23:58,591 - expenses.services.onedrive_service: File URL retrieved for billing_uploads/s2/dashboard.jpg
[INFO] 2025-06-27 18:23:58,598 - expenses.services.onedrive_service: Token cache saved successfully
[INFO] 2025-06-27 18:23:58,795 - expenses.services.onedrive_service: File URL retrieved for billing_uploads/s2/dashboard.jpg
[INFO] 2025-06-27 18:23:58,810 - expenses.services.onedrive_service: Token cache saved successfully
[INFO] 2025-06-27 18:23:59,016 - expenses.services.onedrive_service: File URL retrieved for billing_uploads/s2/CDC web services.txt
[INFO] 2025-06-27 18:23:59,024 - expenses.services.onedrive_service: Token cache saved successfully
[INFO] 2025-06-27 18:23:59,237 - expenses.services.onedrive_service: File URL retrieved for billing_uploads/s2/CDC web services.txt
[INFO] 2025-06-27 18:23:59,245 - expenses.services.onedrive_service: Token cache saved successfully
[INFO] 2025-06-27 18:23:59,445 - expenses.services.onedrive_service: File URL retrieved for billing_uploads/s2/cdc.jpg
[INFO] 2025-06-27 18:23:59,449 - expenses.services.onedrive_service: Token cache saved successfully
[INFO] 2025-06-27 18:24:01,010 - expenses.services.onedrive_service: File URL retrieved for billing_uploads/s2/cdc.jpg
[INFO] 2025-06-27 18:24:01,029 - expenses.services.onedrive_service: Token cache saved successfully
[INFO] 2025-06-27 18:24:01,325 - expenses.services.onedrive_service: File URL retrieved for billing_uploads/s2/CFA_Curriculum.pdf
[INFO] 2025-06-27 18:24:01,505 - expenses.services.onedrive_service: Token cache saved successfully
[INFO] 2025-06-27 18:24:01,732 - expenses.services.onedrive_service: File URL retrieved for billing_uploads/s2/CFA_Curriculum.pdf
[INFO] 2025-06-27 18:24:01,756 - expenses.services.onedrive_service: Token cache saved successfully
[INFO] 2025-06-27 18:24:02,014 - expenses.services.onedrive_service: File URL retrieved for billing_uploads/s2/Screenshot 2025-03-14 110204.png
[INFO] 2025-06-27 18:24:02,017 - expenses.services.onedrive_service: Token cache saved successfully
[INFO] 2025-06-27 18:24:02,219 - expenses.services.onedrive_service: File URL retrieved for billing_uploads/s2/Screenshot 2025-03-14 110204.png
[INFO] 2025-06-27 18:24:02,226 - expenses.services.onedrive_service: Token cache saved successfully
[INFO] 2025-06-27 18:24:02,424 - expenses.services.onedrive_service: File URL retrieved for billing_uploads/s2/Screenshot 2025-03-14 141008.png
[INFO] 2025-06-27 18:24:02,431 - expenses.services.onedrive_service: Token cache saved successfully
[INFO] 2025-06-27 18:24:02,648 - expenses.services.onedrive_service: File URL retrieved for billing_uploads/s2/Screenshot 2025-03-14 141008.png
[INFO] 2025-06-27 18:24:02,659 - expenses.services.onedrive_service: Token cache saved successfully
[INFO] 2025-06-27 18:24:02,866 - expenses.services.onedrive_service: File URL retrieved for billing_uploads/test1/CDC web services.txt
[INFO] 2025-06-27 18:24:02,871 - expenses.services.onedrive_service: Token cache saved successfully
[INFO] 2025-06-27 18:24:03,194 - expenses.services.onedrive_service: File URL retrieved for billing_uploads/test1/CDC web services.txt
[INFO] 2025-06-27 18:24:03,199 - expenses.services.onedrive_service: Token cache saved successfully
[INFO] 2025-06-27 18:24:03,413 - expenses.services.onedrive_service: File URL retrieved for billing_uploads/test1/arc.png
[INFO] 2025-06-27 18:24:03,415 - expenses.services.onedrive_service: Token cache saved successfully
[INFO] 2025-06-27 18:24:03,595 - expenses.services.onedrive_service: File URL retrieved for billing_uploads/test1/arc.png
[INFO] 2025-06-27 18:24:03,602 - expenses.services.onedrive_service: Token cache saved successfully
[INFO] 2025-06-27 18:24:03,782 - expenses.services.onedrive_service: File URL retrieved for billing_uploads/test1/Python_Certificate.pdf
[INFO] 2025-06-27 18:24:03,800 - expenses.services.onedrive_service: Token cache saved successfully
[INFO] 2025-06-27 18:24:03,994 - expenses.services.onedrive_service: File URL retrieved for billing_uploads/test1/Python_Certificate.pdf
[INFO] 2025-06-27 18:24:04,009 - expenses.services.onedrive_service: Token cache saved successfully
[INFO] 2025-06-27 18:24:04,219 - expenses.services.onedrive_service: File URL retrieved for billing_uploads/trip1/Screenshot 2025-03-14 110204.png
[INFO] 2025-06-27 18:24:04,226 - expenses.services.onedrive_service: Token cache saved successfully
[INFO] 2025-06-27 18:24:04,427 - expenses.services.onedrive_service: File URL retrieved for billing_uploads/trip1/Screenshot 2025-03-14 110204.png
[INFO] 2025-06-27 18:24:04,432 - expenses.services.onedrive_service: Token cache saved successfully
[INFO] 2025-06-27 18:24:04,898 - expenses.services.onedrive_service: File URL retrieved for billing_uploads/trip1/Screenshot 2025-03-14 141008.png
[INFO] 2025-06-27 18:24:04,903 - expenses.services.onedrive_service: Token cache saved successfully
[INFO] 2025-06-27 18:24:05,132 - expenses.services.onedrive_service: File URL retrieved for billing_uploads/trip1/Screenshot 2025-03-14 141008.png
[INFO] 2025-06-27 18:24:05,140 - expenses.services.onedrive_service: Token cache saved successfully
[INFO] 2025-06-27 18:24:05,356 - expenses.services.onedrive_service: File URL retrieved for billing_uploads/trip1/Screenshot 2025-03-14 142857.png
[INFO] 2025-06-27 18:24:05,364 - expenses.services.onedrive_service: Token cache saved successfully
[INFO] 2025-06-27 18:24:05,640 - expenses.services.onedrive_service: File URL retrieved for billing_uploads/trip1/Screenshot 2025-03-14 142857.png
[INFO] 2025-06-27 18:24:05,646 - expenses.services.onedrive_service: Token cache saved successfully
[INFO] 2025-06-27 18:24:05,953 - expenses.services.onedrive_service: File URL retrieved for billing_uploads/trip1/Screenshot 2025-03-17 120441.png
[INFO] 2025-06-27 18:24:05,961 - expenses.services.onedrive_service: Token cache saved successfully
[INFO] 2025-06-27 18:24:06,489 - expenses.services.onedrive_service: File URL retrieved for billing_uploads/trip1/Screenshot 2025-03-17 120441.png
[INFO] 2025-06-27 18:24:06,492 - django.server: "GET /api/expense-forms/ HTTP/1.1" 200 13457
[INFO] 2025-06-27 18:24:11,289 - expenses.services.onedrive_service: Token cache saved successfully
[INFO] 2025-06-27 18:24:11,503 - expenses.services.onedrive_service: Token cache saved successfully
[INFO] 2025-06-27 18:24:11,757 - expenses.services.onedrive_service: Token cache saved successfully
[INFO] 2025-06-27 18:24:12,061 - expenses.services.onedrive_service: Token cache saved successfully
[INFO] 2025-06-27 18:24:12,286 - expenses.services.onedrive_service: Token cache saved successfully
[INFO] 2025-06-27 18:24:12,582 - expenses.services.onedrive_service: Token cache saved successfully
[INFO] 2025-06-27 18:24:12,805 - expenses.services.onedrive_service: Token cache saved successfully
[INFO] 2025-06-27 18:24:13,062 - expenses.services.onedrive_service: File URL retrieved for billing_uploads/Vancouver trip/4f5b5c6e916f4ff7959a68711f568dbd.png
[INFO] 2025-06-27 18:24:13,066 - expenses.services.onedrive_service: Token cache saved successfully
[INFO] 2025-06-27 18:24:13,335 - expenses.services.onedrive_service: File URL retrieved for billing_uploads/Vancouver trip/4f5b5c6e916f4ff7959a68711f568dbd.png
[INFO] 2025-06-27 18:24:13,344 - expenses.services.onedrive_service: Token cache saved successfully
[INFO] 2025-06-27 18:24:13,614 - expenses.services.onedrive_service: File URL retrieved for billing_uploads/Vancouver trip/2d0fbfd00a4d414ea12f067f75f8e3c9.png
[INFO] 2025-06-27 18:24:13,620 - expenses.services.onedrive_service: Token cache saved successfully
[INFO] 2025-06-27 18:24:13,874 - expenses.services.onedrive_service: File URL retrieved for billing_uploads/Vancouver trip/2d0fbfd00a4d414ea12f067f75f8e3c9.png
[INFO] 2025-06-27 18:24:13,883 - expenses.services.onedrive_service: Token cache saved successfully
[INFO] 2025-06-27 18:24:14,230 - expenses.services.onedrive_service: File URL retrieved for billing_uploads/Vancouver trip/a16de3e5927140219a0bbe97b055c53a.png
[INFO] 2025-06-27 18:24:14,233 - expenses.services.onedrive_service: Token cache saved successfully
[INFO] 2025-06-27 18:24:14,460 - expenses.services.onedrive_service: File URL retrieved for billing_uploads/Vancouver trip/a16de3e5927140219a0bbe97b055c53a.png
[INFO] 2025-06-27 18:24:14,474 - expenses.services.onedrive_service: Token cache saved successfully
[INFO] 2025-06-27 18:24:14,799 - expenses.services.onedrive_service: File URL retrieved for billing_uploads/copy of s1/Screenshot%202025-03-14%20103713.png
[INFO] 2025-06-27 18:24:14,808 - expenses.services.onedrive_service: Token cache saved successfully
[INFO] 2025-06-27 18:24:14,998 - expenses.services.onedrive_service: File URL retrieved for billing_uploads/copy of s1/Screenshot%202025-03-14%20103713.png
[INFO] 2025-06-27 18:24:15,008 - expenses.services.onedrive_service: Token cache saved successfully
[INFO] 2025-06-27 18:24:15,219 - expenses.services.onedrive_service: File URL retrieved for billing_uploads/copy of s1/Screenshot%202025-03-14%20141008.png
[INFO] 2025-06-27 18:24:15,228 - expenses.services.onedrive_service: Token cache saved successfully
[INFO] 2025-06-27 18:24:15,507 - expenses.services.onedrive_service: File URL retrieved for billing_uploads/copy of s1/Screenshot%202025-03-14%20141008.png
[INFO] 2025-06-27 18:24:15,515 - expenses.services.onedrive_service: Token cache saved successfully
[INFO] 2025-06-27 18:24:15,763 - expenses.services.onedrive_service: File URL retrieved for billing_uploads/copy of s1/Screenshot%202025-03-12%20153414.png
[INFO] 2025-06-27 18:24:15,774 - expenses.services.onedrive_service: Token cache saved successfully
[INFO] 2025-06-27 18:24:16,053 - expenses.services.onedrive_service: File URL retrieved for billing_uploads/copy of s1/Screenshot%202025-03-12%20153414.png
[INFO] 2025-06-27 18:24:16,065 - expenses.services.onedrive_service: Token cache saved successfully
[INFO] 2025-06-27 18:24:16,332 - expenses.services.onedrive_service: File URL retrieved for billing_uploads/copy of s1/Screenshot%202025-03-14%20104819.png
[INFO] 2025-06-27 18:24:16,340 - expenses.services.onedrive_service: Token cache saved successfully
[INFO] 2025-06-27 18:24:16,609 - expenses.services.onedrive_service: File URL retrieved for billing_uploads/copy of s1/Screenshot%202025-03-14%20104819.png
[INFO] 2025-06-27 18:24:16,615 - expenses.services.onedrive_service: Token cache saved successfully
[INFO] 2025-06-27 18:24:16,867 - expenses.services.onedrive_service: File URL retrieved for billing_uploads/copy of s1/Screenshot%202025-03-14%20110204.png
[INFO] 2025-06-27 18:24:16,875 - expenses.services.onedrive_service: Token cache saved successfully
[INFO] 2025-06-27 18:24:17,212 - expenses.services.onedrive_service: File URL retrieved for billing_uploads/copy of s1/Screenshot%202025-03-14%20110204.png
[INFO] 2025-06-27 18:24:17,223 - expenses.services.onedrive_service: Token cache saved successfully
[INFO] 2025-06-27 18:24:17,440 - expenses.services.onedrive_service: File URL retrieved for billing_uploads/copy of s1/dataextr.pdf
[INFO] 2025-06-27 18:24:17,450 - expenses.services.onedrive_service: Token cache saved successfully
[INFO] 2025-06-27 18:24:17,731 - expenses.services.onedrive_service: File URL retrieved for billing_uploads/copy of s1/dataextr.pdf
[INFO] 2025-06-27 18:24:17,765 - expenses.services.onedrive_service: Token cache saved successfully
[INFO] 2025-06-27 18:24:18,030 - expenses.services.onedrive_service: File URL retrieved for billing_uploads/s1/cdc.jpg
[INFO] 2025-06-27 18:24:18,036 - expenses.services.onedrive_service: Token cache saved successfully
[INFO] 2025-06-27 18:24:18,449 - expenses.services.onedrive_service: File URL retrieved for billing_uploads/s1/cdc.jpg
[INFO] 2025-06-27 18:24:18,456 - expenses.services.onedrive_service: Token cache saved successfully
[INFO] 2025-06-27 18:24:18,790 - expenses.services.onedrive_service: File URL retrieved for billing_uploads/s1/CFA_Curriculum.pdf
[INFO] 2025-06-27 18:24:18,798 - expenses.services.onedrive_service: Token cache saved successfully
[INFO] 2025-06-27 18:24:19,068 - expenses.services.onedrive_service: File URL retrieved for billing_uploads/s1/CFA_Curriculum.pdf
[INFO] 2025-06-27 18:24:19,083 - expenses.services.onedrive_service: Token cache saved successfully
[INFO] 2025-06-27 18:24:19,331 - expenses.services.onedrive_service: File URL retrieved for billing_uploads/s2/dashboard.jpg
[INFO] 2025-06-27 18:24:19,339 - expenses.services.onedrive_service: Token cache saved successfully
[INFO] 2025-06-27 18:24:19,567 - expenses.services.onedrive_service: File URL retrieved for billing_uploads/s2/dashboard.jpg
[INFO] 2025-06-27 18:24:19,582 - expenses.services.onedrive_service: Token cache saved successfully
[INFO] 2025-06-27 18:24:19,818 - expenses.services.onedrive_service: File URL retrieved for billing_uploads/s2/CDC web services.txt
[INFO] 2025-06-27 18:24:19,829 - expenses.services.onedrive_service: Token cache saved successfully
[INFO] 2025-06-27 18:24:20,068 - expenses.services.onedrive_service: File URL retrieved for billing_uploads/s2/CDC web services.txt
[INFO] 2025-06-27 18:24:20,078 - expenses.services.onedrive_service: Token cache saved successfully
[INFO] 2025-06-27 18:24:20,374 - expenses.services.onedrive_service: File URL retrieved for billing_uploads/s2/cdc.jpg
[INFO] 2025-06-27 18:24:20,386 - expenses.services.onedrive_service: Token cache saved successfully
[INFO] 2025-06-27 18:24:20,666 - expenses.services.onedrive_service: File URL retrieved for billing_uploads/s2/cdc.jpg
[INFO] 2025-06-27 18:24:20,676 - expenses.services.onedrive_service: Token cache saved successfully
[INFO] 2025-06-27 18:24:20,944 - expenses.services.onedrive_service: File URL retrieved for billing_uploads/s2/CFA_Curriculum.pdf
[INFO] 2025-06-27 18:24:20,953 - expenses.services.onedrive_service: Token cache saved successfully
[INFO] 2025-06-27 18:24:21,526 - expenses.services.onedrive_service: File URL retrieved for billing_uploads/s2/CFA_Curriculum.pdf
[INFO] 2025-06-27 18:24:21,565 - expenses.services.onedrive_service: Token cache saved successfully
[INFO] 2025-06-27 18:24:21,837 - expenses.services.onedrive_service: File URL retrieved for billing_uploads/s2/Screenshot 2025-03-14 110204.png
[INFO] 2025-06-27 18:24:21,850 - expenses.services.onedrive_service: Token cache saved successfully
[INFO] 2025-06-27 18:24:22,105 - expenses.services.onedrive_service: File URL retrieved for billing_uploads/s2/Screenshot 2025-03-14 110204.png
[INFO] 2025-06-27 18:24:22,119 - expenses.services.onedrive_service: Token cache saved successfully
[INFO] 2025-06-27 18:24:22,343 - expenses.services.onedrive_service: File URL retrieved for billing_uploads/s2/Screenshot 2025-03-14 141008.png
[INFO] 2025-06-27 18:24:22,351 - expenses.services.onedrive_service: Token cache saved successfully
[INFO] 2025-06-27 18:24:22,584 - expenses.services.onedrive_service: File URL retrieved for billing_uploads/s2/Screenshot 2025-03-14 141008.png
[INFO] 2025-06-27 18:24:22,607 - expenses.services.onedrive_service: Token cache saved successfully
[INFO] 2025-06-27 18:24:22,921 - expenses.services.onedrive_service: File URL retrieved for billing_uploads/test1/CDC web services.txt
[INFO] 2025-06-27 18:24:22,936 - expenses.services.onedrive_service: Token cache saved successfully
[INFO] 2025-06-27 18:24:23,204 - expenses.services.onedrive_service: File URL retrieved for billing_uploads/test1/CDC web services.txt
[INFO] 2025-06-27 18:24:23,213 - expenses.services.onedrive_service: Token cache saved successfully
[INFO] 2025-06-27 18:24:23,646 - expenses.services.onedrive_service: File URL retrieved for billing_uploads/test1/arc.png
[INFO] 2025-06-27 18:24:23,655 - expenses.services.onedrive_service: Token cache saved successfully
[INFO] 2025-06-27 18:24:23,874 - expenses.services.onedrive_service: File URL retrieved for billing_uploads/test1/arc.png
[INFO] 2025-06-27 18:24:23,884 - expenses.services.onedrive_service: Token cache saved successfully
[INFO] 2025-06-27 18:24:24,150 - expenses.services.onedrive_service: File URL retrieved for billing_uploads/test1/Python_Certificate.pdf
[INFO] 2025-06-27 18:24:24,179 - expenses.services.onedrive_service: Token cache saved successfully
[INFO] 2025-06-27 18:24:24,409 - expenses.services.onedrive_service: File URL retrieved for billing_uploads/test1/Python_Certificate.pdf
[INFO] 2025-06-27 18:24:24,425 - expenses.services.onedrive_service: Token cache saved successfully
[INFO] 2025-06-27 18:24:24,659 - expenses.services.onedrive_service: File URL retrieved for billing_uploads/trip1/Screenshot 2025-03-14 110204.png
[INFO] 2025-06-27 18:24:24,669 - expenses.services.onedrive_service: Token cache saved successfully
[INFO] 2025-06-27 18:24:24,902 - expenses.services.onedrive_service: File URL retrieved for billing_uploads/trip1/Screenshot 2025-03-14 110204.png
[INFO] 2025-06-27 18:24:24,922 - expenses.services.onedrive_service: Token cache saved successfully
[INFO] 2025-06-27 18:24:25,156 - expenses.services.onedrive_service: File URL retrieved for billing_uploads/trip1/Screenshot 2025-03-14 141008.png
[INFO] 2025-06-27 18:24:25,176 - expenses.services.onedrive_service: Token cache saved successfully
[INFO] 2025-06-27 18:24:25,392 - expenses.services.onedrive_service: File URL retrieved for billing_uploads/trip1/Screenshot 2025-03-14 141008.png
[INFO] 2025-06-27 18:24:25,406 - expenses.services.onedrive_service: Token cache saved successfully
[INFO] 2025-06-27 18:24:25,666 - expenses.services.onedrive_service: File URL retrieved for billing_uploads/trip1/Screenshot 2025-03-14 142857.png
[INFO] 2025-06-27 18:24:25,685 - expenses.services.onedrive_service: Token cache saved successfully
[INFO] 2025-06-27 18:24:25,897 - expenses.services.onedrive_service: File URL retrieved for billing_uploads/trip1/Screenshot 2025-03-14 142857.png
[INFO] 2025-06-27 18:24:25,906 - expenses.services.onedrive_service: Token cache saved successfully
[INFO] 2025-06-27 18:24:26,132 - expenses.services.onedrive_service: File URL retrieved for billing_uploads/trip1/Screenshot 2025-03-17 120441.png
[INFO] 2025-06-27 18:24:26,140 - expenses.services.onedrive_service: Token cache saved successfully
[INFO] 2025-06-27 18:24:26,386 - expenses.services.onedrive_service: File URL retrieved for billing_uploads/trip1/Screenshot 2025-03-17 120441.png
[INFO] 2025-06-27 18:24:26,394 - django.server: "GET /api/expense-forms/?title_id=20117 HTTP/1.1" 200 13502
[INFO] 2025-06-27 18:24:26,543 - django.server: "GET /api/expense-titles/ HTTP/1.1" 200 569
[INFO] 2025-06-27 18:24:26,543 - expenses.services.onedrive_service: Token cache saved successfully
[INFO] 2025-06-27 18:24:26,782 - expenses.services.onedrive_service: Token cache saved successfully
[INFO] 2025-06-27 18:24:27,000 - expenses.services.onedrive_service: Token cache saved successfully
[INFO] 2025-06-27 18:24:27,233 - expenses.services.onedrive_service: Token cache saved successfully
[INFO] 2025-06-27 18:24:27,442 - expenses.services.onedrive_service: Token cache saved successfully
[INFO] 2025-06-27 18:24:27,722 - expenses.services.onedrive_service: Token cache saved successfully
[INFO] 2025-06-27 18:24:27,970 - expenses.services.onedrive_service: Token cache saved successfully
[INFO] 2025-06-27 18:24:28,184 - expenses.services.onedrive_service: File URL retrieved for billing_uploads/Vancouver trip/4f5b5c6e916f4ff7959a68711f568dbd.png
[INFO] 2025-06-27 18:24:28,193 - expenses.services.onedrive_service: Token cache saved successfully
[INFO] 2025-06-27 18:24:28,402 - expenses.services.onedrive_service: File URL retrieved for billing_uploads/Vancouver trip/4f5b5c6e916f4ff7959a68711f568dbd.png
[INFO] 2025-06-27 18:24:28,415 - expenses.services.onedrive_service: Token cache saved successfully
[INFO] 2025-06-27 18:24:28,622 - expenses.services.onedrive_service: File URL retrieved for billing_uploads/Vancouver trip/2d0fbfd00a4d414ea12f067f75f8e3c9.png
[INFO] 2025-06-27 18:24:28,632 - expenses.services.onedrive_service: Token cache saved successfully
[INFO] 2025-06-27 18:24:28,900 - expenses.services.onedrive_service: File URL retrieved for billing_uploads/Vancouver trip/2d0fbfd00a4d414ea12f067f75f8e3c9.png
[INFO] 2025-06-27 18:24:28,909 - expenses.services.onedrive_service: Token cache saved successfully
[INFO] 2025-06-27 18:24:29,168 - expenses.services.onedrive_service: File URL retrieved for billing_uploads/Vancouver trip/a16de3e5927140219a0bbe97b055c53a.png
[INFO] 2025-06-27 18:24:29,176 - expenses.services.onedrive_service: Token cache saved successfully
[INFO] 2025-06-27 18:24:29,383 - expenses.services.onedrive_service: File URL retrieved for billing_uploads/Vancouver trip/a16de3e5927140219a0bbe97b055c53a.png
[INFO] 2025-06-27 18:24:29,402 - expenses.services.onedrive_service: Token cache saved successfully
[INFO] 2025-06-27 18:24:29,727 - expenses.services.onedrive_service: File URL retrieved for billing_uploads/copy of s1/Screenshot%202025-03-14%20103713.png
[INFO] 2025-06-27 18:24:29,743 - expenses.services.onedrive_service: Token cache saved successfully
[INFO] 2025-06-27 18:24:30,049 - expenses.services.onedrive_service: File URL retrieved for billing_uploads/copy of s1/Screenshot%202025-03-14%20103713.png
[INFO] 2025-06-27 18:24:30,060 - expenses.services.onedrive_service: Token cache saved successfully
[INFO] 2025-06-27 18:24:30,247 - expenses.services.onedrive_service: File URL retrieved for billing_uploads/copy of s1/Screenshot%202025-03-14%20141008.png
[INFO] 2025-06-27 18:24:30,253 - expenses.services.onedrive_service: Token cache saved successfully
[INFO] 2025-06-27 18:24:30,460 - expenses.services.onedrive_service: File URL retrieved for billing_uploads/copy of s1/Screenshot%202025-03-14%20141008.png
[INFO] 2025-06-27 18:24:30,470 - expenses.services.onedrive_service: Token cache saved successfully
[INFO] 2025-06-27 18:24:30,686 - expenses.services.onedrive_service: File URL retrieved for billing_uploads/copy of s1/Screenshot%202025-03-12%20153414.png
[INFO] 2025-06-27 18:24:30,700 - expenses.services.onedrive_service: Token cache saved successfully
[INFO] 2025-06-27 18:24:30,963 - expenses.services.onedrive_service: File URL retrieved for billing_uploads/copy of s1/Screenshot%202025-03-12%20153414.png
[INFO] 2025-06-27 18:24:30,967 - expenses.services.onedrive_service: Token cache saved successfully
[INFO] 2025-06-27 18:24:31,207 - expenses.services.onedrive_service: File URL retrieved for billing_uploads/copy of s1/Screenshot%202025-03-14%20104819.png
[INFO] 2025-06-27 18:24:31,217 - expenses.services.onedrive_service: Token cache saved successfully
[INFO] 2025-06-27 18:24:31,405 - expenses.services.onedrive_service: File URL retrieved for billing_uploads/copy of s1/Screenshot%202025-03-14%20104819.png
[INFO] 2025-06-27 18:24:31,413 - expenses.services.onedrive_service: Token cache saved successfully
[INFO] 2025-06-27 18:24:31,623 - expenses.services.onedrive_service: File URL retrieved for billing_uploads/copy of s1/Screenshot%202025-03-14%20110204.png
[INFO] 2025-06-27 18:24:31,634 - expenses.services.onedrive_service: Token cache saved successfully
[INFO] 2025-06-27 18:24:31,882 - expenses.services.onedrive_service: File URL retrieved for billing_uploads/copy of s1/Screenshot%202025-03-14%20110204.png
[INFO] 2025-06-27 18:24:31,890 - expenses.services.onedrive_service: Token cache saved successfully
[INFO] 2025-06-27 18:24:32,139 - expenses.services.onedrive_service: File URL retrieved for billing_uploads/copy of s1/dataextr.pdf
[INFO] 2025-06-27 18:24:32,150 - expenses.services.onedrive_service: Token cache saved successfully
[INFO] 2025-06-27 18:24:32,356 - expenses.services.onedrive_service: File URL retrieved for billing_uploads/copy of s1/dataextr.pdf
[INFO] 2025-06-27 18:24:32,389 - expenses.services.onedrive_service: Token cache saved successfully
[INFO] 2025-06-27 18:24:32,599 - expenses.services.onedrive_service: File URL retrieved for billing_uploads/s1/cdc.jpg
[INFO] 2025-06-27 18:24:32,610 - expenses.services.onedrive_service: Token cache saved successfully
[INFO] 2025-06-27 18:24:32,853 - expenses.services.onedrive_service: File URL retrieved for billing_uploads/s1/cdc.jpg
[INFO] 2025-06-27 18:24:32,864 - expenses.services.onedrive_service: Token cache saved successfully
[INFO] 2025-06-27 18:24:33,069 - expenses.services.onedrive_service: File URL retrieved for billing_uploads/s1/CFA_Curriculum.pdf
[INFO] 2025-06-27 18:24:33,082 - expenses.services.onedrive_service: Token cache saved successfully
[INFO] 2025-06-27 18:24:33,297 - expenses.services.onedrive_service: File URL retrieved for billing_uploads/s1/CFA_Curriculum.pdf
[INFO] 2025-06-27 18:24:33,320 - expenses.services.onedrive_service: Token cache saved successfully
[INFO] 2025-06-27 18:24:33,531 - expenses.services.onedrive_service: File URL retrieved for billing_uploads/s2/dashboard.jpg
[INFO] 2025-06-27 18:24:33,538 - expenses.services.onedrive_service: Token cache saved successfully
[INFO] 2025-06-27 18:24:33,781 - expenses.services.onedrive_service: File URL retrieved for billing_uploads/s2/dashboard.jpg
[INFO] 2025-06-27 18:24:33,830 - expenses.services.onedrive_service: Token cache saved successfully
[INFO] 2025-06-27 18:24:34,081 - expenses.services.onedrive_service: File URL retrieved for billing_uploads/s2/CDC web services.txt
[INFO] 2025-06-27 18:24:34,093 - expenses.services.onedrive_service: Token cache saved successfully
[INFO] 2025-06-27 18:24:34,406 - expenses.services.onedrive_service: File URL retrieved for billing_uploads/s2/CDC web services.txt
[INFO] 2025-06-27 18:24:34,410 - expenses.services.onedrive_service: Token cache saved successfully
[INFO] 2025-06-27 18:24:34,666 - expenses.services.onedrive_service: File URL retrieved for billing_uploads/s2/cdc.jpg
[INFO] 2025-06-27 18:24:34,675 - expenses.services.onedrive_service: Token cache saved successfully
[INFO] 2025-06-27 18:24:34,899 - expenses.services.onedrive_service: File URL retrieved for billing_uploads/s2/cdc.jpg
[INFO] 2025-06-27 18:24:34,914 - expenses.services.onedrive_service: Token cache saved successfully
[INFO] 2025-06-27 18:24:35,174 - django.server: "GET /api/expense-titles/ HTTP/1.1" 200 569
[INFO] 2025-06-27 18:24:35,241 - expenses.services.onedrive_service: File URL retrieved for billing_uploads/s2/CFA_Curriculum.pdf
[INFO] 2025-06-27 18:24:35,258 - expenses.services.onedrive_service: Token cache saved successfully
[INFO] 2025-06-27 18:24:35,260 - expenses.services.onedrive_service: Token cache saved successfully
[INFO] 2025-06-27 18:24:35,477 - django.server: "GET /api/expense-titles/ HTTP/1.1" 200 569
[INFO] 2025-06-27 18:24:35,754 - expenses.services.onedrive_service: Token cache saved successfully
[INFO] 2025-06-27 18:24:35,857 - expenses.services.onedrive_service: File URL retrieved for billing_uploads/s2/CFA_Curriculum.pdf
[INFO] 2025-06-27 18:24:35,957 - expenses.services.onedrive_service: Token cache saved successfully
[INFO] 2025-06-27 18:24:36,430 - expenses.services.onedrive_service: File URL retrieved for billing_uploads/s2/Screenshot 2025-03-14 110204.png
[INFO] 2025-06-27 18:24:36,447 - expenses.services.onedrive_service: Token cache saved successfully
[INFO] 2025-06-27 18:24:36,784 - expenses.services.onedrive_service: File URL retrieved for billing_uploads/s2/Screenshot 2025-03-14 110204.png
[INFO] 2025-06-27 18:24:36,794 - expenses.services.onedrive_service: Token cache saved successfully
[INFO] 2025-06-27 18:24:36,884 - expenses.services.onedrive_service: Token cache saved successfully
[INFO] 2025-06-27 18:24:37,055 - expenses.services.onedrive_service: File URL retrieved for billing_uploads/s2/Screenshot 2025-03-14 141008.png
[INFO] 2025-06-27 18:24:37,062 - expenses.services.onedrive_service: Token cache saved successfully
[INFO] 2025-06-27 18:24:37,130 - expenses.services.onedrive_service: Token cache saved successfully
[INFO] 2025-06-27 18:24:37,311 - expenses.services.onedrive_service: File URL retrieved for billing_uploads/s2/Screenshot 2025-03-14 141008.png
[INFO] 2025-06-27 18:24:37,328 - expenses.services.onedrive_service: Token cache saved successfully
[INFO] 2025-06-27 18:24:37,400 - expenses.services.onedrive_service: Token cache saved successfully
[INFO] 2025-06-27 18:24:37,547 - expenses.services.onedrive_service: Token cache saved successfully
[INFO] 2025-06-27 18:24:37,665 - expenses.services.onedrive_service: File URL retrieved for billing_uploads/test1/CDC web services.txt
[INFO] 2025-06-27 18:24:37,675 - expenses.services.onedrive_service: Token cache saved successfully
[INFO] 2025-06-27 18:24:37,776 - expenses.services.onedrive_service: Token cache saved successfully
[INFO] 2025-06-27 18:24:37,975 - expenses.services.onedrive_service: File URL retrieved for billing_uploads/test1/CDC web services.txt
[INFO] 2025-06-27 18:24:37,997 - expenses.services.onedrive_service: Token cache saved successfully
[INFO] 2025-06-27 18:24:38,027 - expenses.services.onedrive_service: File URL retrieved for billing_uploads/Vancouver trip/4f5b5c6e916f4ff7959a68711f568dbd.png
[INFO] 2025-06-27 18:24:38,064 - expenses.services.onedrive_service: Token cache saved successfully
[INFO] 2025-06-27 18:24:38,281 - expenses.services.onedrive_service: File URL retrieved for billing_uploads/test1/arc.png
[INFO] 2025-06-27 18:24:38,293 - expenses.services.onedrive_service: Token cache saved successfully
[INFO] 2025-06-27 18:24:38,352 - expenses.services.onedrive_service: File URL retrieved for billing_uploads/Vancouver trip/4f5b5c6e916f4ff7959a68711f568dbd.png
[INFO] 2025-06-27 18:24:38,364 - expenses.services.onedrive_service: Token cache saved successfully
[INFO] 2025-06-27 18:24:38,526 - expenses.services.onedrive_service: File URL retrieved for billing_uploads/test1/arc.png
[INFO] 2025-06-27 18:24:38,534 - expenses.services.onedrive_service: Token cache saved successfully
[INFO] 2025-06-27 18:24:38,565 - expenses.services.onedrive_service: File URL retrieved for billing_uploads/Vancouver trip/2d0fbfd00a4d414ea12f067f75f8e3c9.png
[INFO] 2025-06-27 18:24:38,572 - expenses.services.onedrive_service: Token cache saved successfully
[INFO] 2025-06-27 18:24:38,757 - expenses.services.onedrive_service: File URL retrieved for billing_uploads/test1/Python_Certificate.pdf
[INFO] 2025-06-27 18:24:38,775 - expenses.services.onedrive_service: Token cache saved successfully
[INFO] 2025-06-27 18:24:38,832 - expenses.services.onedrive_service: File URL retrieved for billing_uploads/Vancouver trip/2d0fbfd00a4d414ea12f067f75f8e3c9.png
[INFO] 2025-06-27 18:24:38,842 - expenses.services.onedrive_service: Token cache saved successfully
[INFO] 2025-06-27 18:24:39,024 - expenses.services.onedrive_service: File URL retrieved for billing_uploads/test1/Python_Certificate.pdf
[INFO] 2025-06-27 18:24:39,073 - expenses.services.onedrive_service: Token cache saved successfully
[INFO] 2025-06-27 18:24:39,307 - expenses.services.onedrive_service: File URL retrieved for billing_uploads/trip1/Screenshot 2025-03-14 110204.png
[INFO] 2025-06-27 18:24:39,315 - expenses.services.onedrive_service: Token cache saved successfully
[INFO] 2025-06-27 18:24:39,361 - expenses.services.onedrive_service: File URL retrieved for billing_uploads/Vancouver trip/a16de3e5927140219a0bbe97b055c53a.png
[INFO] 2025-06-27 18:24:39,368 - expenses.services.onedrive_service: Token cache saved successfully
[INFO] 2025-06-27 18:24:39,571 - expenses.services.onedrive_service: File URL retrieved for billing_uploads/Vancouver trip/a16de3e5927140219a0bbe97b055c53a.png
[INFO] 2025-06-27 18:24:39,581 - expenses.services.onedrive_service: File URL retrieved for billing_uploads/trip1/Screenshot 2025-03-14 110204.png
[INFO] 2025-06-27 18:24:39,598 - expenses.services.onedrive_service: Token cache saved successfully
[INFO] 2025-06-27 18:24:39,633 - expenses.services.onedrive_service: Token cache saved successfully
[INFO] 2025-06-27 18:24:39,850 - expenses.services.onedrive_service: File URL retrieved for billing_uploads/trip1/Screenshot 2025-03-14 141008.png
[INFO] 2025-06-27 18:24:39,873 - expenses.services.onedrive_service: Token cache saved successfully
[INFO] 2025-06-27 18:24:39,881 - expenses.services.onedrive_service: File URL retrieved for billing_uploads/copy of s1/Screenshot%202025-03-14%20103713.png
[INFO] 2025-06-27 18:24:39,906 - expenses.services.onedrive_service: Token cache saved successfully
[INFO] 2025-06-27 18:24:40,089 - expenses.services.onedrive_service: File URL retrieved for billing_uploads/trip1/Screenshot 2025-03-14 141008.png
[INFO] 2025-06-27 18:24:40,096 - expenses.services.onedrive_service: Token cache saved successfully
[INFO] 2025-06-27 18:24:40,197 - expenses.services.onedrive_service: File URL retrieved for billing_uploads/copy of s1/Screenshot%202025-03-14%20103713.png
[INFO] 2025-06-27 18:24:40,212 - expenses.services.onedrive_service: Token cache saved successfully
[INFO] 2025-06-27 18:24:40,305 - expenses.services.onedrive_service: File URL retrieved for billing_uploads/trip1/Screenshot 2025-03-14 142857.png
[INFO] 2025-06-27 18:24:40,314 - expenses.services.onedrive_service: Token cache saved successfully
[INFO] 2025-06-27 18:24:40,440 - expenses.services.onedrive_service: File URL retrieved for billing_uploads/copy of s1/Screenshot%202025-03-14%20141008.png
[INFO] 2025-06-27 18:24:40,460 - expenses.services.onedrive_service: Token cache saved successfully
[INFO] 2025-06-27 18:24:40,535 - expenses.services.onedrive_service: File URL retrieved for billing_uploads/trip1/Screenshot 2025-03-14 142857.png
[INFO] 2025-06-27 18:24:40,560 - expenses.services.onedrive_service: Token cache saved successfully
[INFO] 2025-06-27 18:24:40,872 - expenses.services.onedrive_service: File URL retrieved for billing_uploads/trip1/Screenshot 2025-03-17 120441.png
[INFO] 2025-06-27 18:24:40,881 - expenses.services.onedrive_service: Token cache saved successfully
[INFO] 2025-06-27 18:24:41,121 - expenses.services.onedrive_service: File URL retrieved for billing_uploads/trip1/Screenshot 2025-03-17 120441.png
[INFO] 2025-06-27 18:24:41,123 - django.server: "GET /api/expense-forms/?title_id=20117 HTTP/1.1" 200 13502
[INFO] 2025-06-27 18:24:41,178 - django.server: "GET /api/expense-titles/ HTTP/1.1" 200 569
[INFO] 2025-06-27 18:24:41,885 - expenses.services.onedrive_service: File URL retrieved for billing_uploads/copy of s1/Screenshot%202025-03-14%20141008.png
[INFO] 2025-06-27 18:24:41,899 - expenses.services.onedrive_service: Token cache saved successfully
[INFO] 2025-06-27 18:24:42,138 - expenses.services.onedrive_service: File URL retrieved for billing_uploads/copy of s1/Screenshot%202025-03-12%20153414.png
[INFO] 2025-06-27 18:24:42,153 - expenses.services.onedrive_service: Token cache saved successfully
[INFO] 2025-06-27 18:24:42,450 - expenses.services.onedrive_service: File URL retrieved for billing_uploads/copy of s1/Screenshot%202025-03-12%20153414.png
[INFO] 2025-06-27 18:24:42,465 - expenses.services.onedrive_service: Token cache saved successfully
[INFO] 2025-06-27 18:24:42,713 - expenses.services.onedrive_service: File URL retrieved for billing_uploads/copy of s1/Screenshot%202025-03-14%20104819.png
[INFO] 2025-06-27 18:24:42,723 - expenses.services.onedrive_service: Token cache saved successfully
[INFO] 2025-06-27 18:24:43,067 - expenses.services.onedrive_service: File URL retrieved for billing_uploads/copy of s1/Screenshot%202025-03-14%20104819.png
[INFO] 2025-06-27 18:24:43,083 - expenses.services.onedrive_service: Token cache saved successfully
[INFO] 2025-06-27 18:24:44,270 - expenses.services.onedrive_service: File URL retrieved for billing_uploads/copy of s1/Screenshot%202025-03-14%20110204.png
[INFO] 2025-06-27 18:24:44,295 - expenses.services.onedrive_service: Token cache saved successfully
[INFO] 2025-06-27 18:24:44,576 - expenses.services.onedrive_service: File URL retrieved for billing_uploads/copy of s1/Screenshot%202025-03-14%20110204.png
[INFO] 2025-06-27 18:24:44,590 - expenses.services.onedrive_service: Token cache saved successfully
[INFO] 2025-06-27 18:24:44,842 - expenses.services.onedrive_service: File URL retrieved for billing_uploads/copy of s1/dataextr.pdf
[INFO] 2025-06-27 18:24:44,866 - expenses.services.onedrive_service: Token cache saved successfully
[INFO] 2025-06-27 18:24:45,100 - expenses.services.onedrive_service: File URL retrieved for billing_uploads/copy of s1/dataextr.pdf
[INFO] 2025-06-27 18:24:45,194 - expenses.services.onedrive_service: Token cache saved successfully
[INFO] 2025-06-27 18:24:45,424 - expenses.services.onedrive_service: File URL retrieved for billing_uploads/s1/cdc.jpg
[INFO] 2025-06-27 18:24:45,435 - expenses.services.onedrive_service: Token cache saved successfully
[INFO] 2025-06-27 18:24:45,653 - expenses.services.onedrive_service: File URL retrieved for billing_uploads/s1/cdc.jpg
[INFO] 2025-06-27 18:24:45,663 - expenses.services.onedrive_service: Token cache saved successfully
[INFO] 2025-06-27 18:24:46,030 - expenses.services.onedrive_service: File URL retrieved for billing_uploads/s1/CFA_Curriculum.pdf
[INFO] 2025-06-27 18:24:46,044 - expenses.services.onedrive_service: Token cache saved successfully
[INFO] 2025-06-27 18:24:46,283 - expenses.services.onedrive_service: File URL retrieved for billing_uploads/s1/CFA_Curriculum.pdf
[INFO] 2025-06-27 18:24:46,324 - expenses.services.onedrive_service: Token cache saved successfully
[INFO] 2025-06-27 18:24:46,565 - expenses.services.onedrive_service: File URL retrieved for billing_uploads/s2/dashboard.jpg
[INFO] 2025-06-27 18:24:46,574 - expenses.services.onedrive_service: Token cache saved successfully
[INFO] 2025-06-27 18:24:46,808 - expenses.services.onedrive_service: File URL retrieved for billing_uploads/s2/dashboard.jpg
[INFO] 2025-06-27 18:24:46,830 - expenses.services.onedrive_service: Token cache saved successfully
[INFO] 2025-06-27 18:24:47,222 - expenses.services.onedrive_service: File URL retrieved for billing_uploads/s2/CDC web services.txt
[INFO] 2025-06-27 18:24:47,231 - expenses.services.onedrive_service: Token cache saved successfully
[INFO] 2025-06-27 18:24:47,444 - expenses.services.onedrive_service: File URL retrieved for billing_uploads/s2/CDC web services.txt
[INFO] 2025-06-27 18:24:47,458 - expenses.services.onedrive_service: Token cache saved successfully
[INFO] 2025-06-27 18:24:47,921 - expenses.services.onedrive_service: File URL retrieved for billing_uploads/s2/cdc.jpg
[INFO] 2025-06-27 18:24:47,932 - expenses.services.onedrive_service: Token cache saved successfully
[INFO] 2025-06-27 18:24:48,164 - expenses.services.onedrive_service: File URL retrieved for billing_uploads/s2/cdc.jpg
[INFO] 2025-06-27 18:24:48,172 - expenses.services.onedrive_service: Token cache saved successfully
[INFO] 2025-06-27 18:24:48,464 - expenses.services.onedrive_service: File URL retrieved for billing_uploads/s2/CFA_Curriculum.pdf
[INFO] 2025-06-27 18:24:48,481 - expenses.services.onedrive_service: Token cache saved successfully
[INFO] 2025-06-27 18:24:48,864 - expenses.services.onedrive_service: File URL retrieved for billing_uploads/s2/CFA_Curriculum.pdf
[INFO] 2025-06-27 18:24:48,902 - expenses.services.onedrive_service: Token cache saved successfully
[INFO] 2025-06-27 18:24:49,214 - expenses.services.onedrive_service: File URL retrieved for billing_uploads/s2/Screenshot 2025-03-14 110204.png
[INFO] 2025-06-27 18:24:49,224 - expenses.services.onedrive_service: Token cache saved successfully
[INFO] 2025-06-27 18:24:49,428 - expenses.services.onedrive_service: File URL retrieved for billing_uploads/s2/Screenshot 2025-03-14 110204.png
[INFO] 2025-06-27 18:24:49,438 - expenses.services.onedrive_service: Token cache saved successfully
[INFO] 2025-06-27 18:24:49,768 - expenses.services.onedrive_service: File URL retrieved for billing_uploads/s2/Screenshot 2025-03-14 141008.png
[INFO] 2025-06-27 18:24:49,780 - expenses.services.onedrive_service: Token cache saved successfully
[INFO] 2025-06-27 18:24:50,021 - expenses.services.onedrive_service: File URL retrieved for billing_uploads/s2/Screenshot 2025-03-14 141008.png
[INFO] 2025-06-27 18:24:50,087 - expenses.services.onedrive_service: Token cache saved successfully
[INFO] 2025-06-27 18:24:50,331 - expenses.services.onedrive_service: File URL retrieved for billing_uploads/test1/CDC web services.txt
[INFO] 2025-06-27 18:24:50,340 - expenses.services.onedrive_service: Token cache saved successfully
[INFO] 2025-06-27 18:24:50,602 - expenses.services.onedrive_service: File URL retrieved for billing_uploads/test1/CDC web services.txt
[INFO] 2025-06-27 18:24:50,622 - expenses.services.onedrive_service: Token cache saved successfully
[INFO] 2025-06-27 18:24:50,927 - expenses.services.onedrive_service: File URL retrieved for billing_uploads/test1/arc.png
[INFO] 2025-06-27 18:24:50,938 - expenses.services.onedrive_service: Token cache saved successfully
[INFO] 2025-06-27 18:24:51,304 - expenses.services.onedrive_service: File URL retrieved for billing_uploads/test1/arc.png
[INFO] 2025-06-27 18:24:51,317 - expenses.services.onedrive_service: Token cache saved successfully
[INFO] 2025-06-27 18:24:51,599 - expenses.services.onedrive_service: File URL retrieved for billing_uploads/test1/Python_Certificate.pdf
[INFO] 2025-06-27 18:24:51,607 - expenses.services.onedrive_service: Token cache saved successfully
[INFO] 2025-06-27 18:24:51,875 - expenses.services.onedrive_service: File URL retrieved for billing_uploads/test1/Python_Certificate.pdf
[INFO] 2025-06-27 18:24:51,930 - expenses.services.onedrive_service: Token cache saved successfully
[INFO] 2025-06-27 18:24:52,211 - expenses.services.onedrive_service: File URL retrieved for billing_uploads/trip1/Screenshot 2025-03-14 110204.png
[INFO] 2025-06-27 18:24:52,222 - expenses.services.onedrive_service: Token cache saved successfully
[INFO] 2025-06-27 18:24:52,484 - expenses.services.onedrive_service: File URL retrieved for billing_uploads/trip1/Screenshot 2025-03-14 110204.png
[INFO] 2025-06-27 18:24:52,498 - expenses.services.onedrive_service: Token cache saved successfully
[INFO] 2025-06-27 18:24:52,765 - expenses.services.onedrive_service: File URL retrieved for billing_uploads/trip1/Screenshot 2025-03-14 141008.png
[INFO] 2025-06-27 18:24:52,773 - expenses.services.onedrive_service: Token cache saved successfully
[INFO] 2025-06-27 18:24:53,111 - expenses.services.onedrive_service: File URL retrieved for billing_uploads/trip1/Screenshot 2025-03-14 141008.png
[INFO] 2025-06-27 18:24:53,118 - expenses.services.onedrive_service: Token cache saved successfully
[INFO] 2025-06-27 18:24:53,510 - expenses.services.onedrive_service: File URL retrieved for billing_uploads/trip1/Screenshot 2025-03-14 142857.png
[INFO] 2025-06-27 18:24:53,521 - expenses.services.onedrive_service: Token cache saved successfully
[INFO] 2025-06-27 18:24:53,854 - expenses.services.onedrive_service: File URL retrieved for billing_uploads/trip1/Screenshot 2025-03-14 142857.png
[INFO] 2025-06-27 18:24:53,863 - expenses.services.onedrive_service: Token cache saved successfully
[INFO] 2025-06-27 18:24:54,132 - expenses.services.onedrive_service: File URL retrieved for billing_uploads/trip1/Screenshot 2025-03-17 120441.png
[INFO] 2025-06-27 18:24:54,140 - expenses.services.onedrive_service: Token cache saved successfully
[INFO] 2025-06-27 18:24:54,447 - expenses.services.onedrive_service: File URL retrieved for billing_uploads/trip1/Screenshot 2025-03-17 120441.png
[INFO] 2025-06-27 18:24:54,453 - django.server: "GET /api/expense-forms/ HTTP/1.1" 200 13457
[INFO] 2025-06-27 18:24:54,519 - expenses.services.onedrive_service: Token cache saved successfully
[INFO] 2025-06-27 18:24:54,880 - expenses.services.onedrive_service: Token cache saved successfully
[INFO] 2025-06-27 18:24:55,184 - expenses.services.onedrive_service: Token cache saved successfully
[INFO] 2025-06-27 18:24:55,529 - expenses.services.onedrive_service: Token cache saved successfully
[INFO] 2025-06-27 18:24:55,828 - expenses.services.onedrive_service: Token cache saved successfully
[INFO] 2025-06-27 18:24:56,142 - expenses.services.onedrive_service: Token cache saved successfully
[INFO] 2025-06-27 18:24:56,381 - expenses.services.onedrive_service: Token cache saved successfully
[INFO] 2025-06-27 18:24:56,666 - expenses.services.onedrive_service: File URL retrieved for billing_uploads/Vancouver trip/4f5b5c6e916f4ff7959a68711f568dbd.png
[INFO] 2025-06-27 18:24:56,676 - expenses.services.onedrive_service: Token cache saved successfully
[INFO] 2025-06-27 18:24:56,990 - expenses.services.onedrive_service: File URL retrieved for billing_uploads/Vancouver trip/4f5b5c6e916f4ff7959a68711f568dbd.png
[INFO] 2025-06-27 18:24:57,001 - expenses.services.onedrive_service: Token cache saved successfully
[INFO] 2025-06-27 18:24:57,393 - expenses.services.onedrive_service: File URL retrieved for billing_uploads/Vancouver trip/2d0fbfd00a4d414ea12f067f75f8e3c9.png
[INFO] 2025-06-27 18:24:57,400 - expenses.services.onedrive_service: Token cache saved successfully
[INFO] 2025-06-27 18:24:57,685 - expenses.services.onedrive_service: File URL retrieved for billing_uploads/Vancouver trip/2d0fbfd00a4d414ea12f067f75f8e3c9.png
[INFO] 2025-06-27 18:24:57,696 - expenses.services.onedrive_service: Token cache saved successfully
[INFO] 2025-06-27 18:24:57,965 - expenses.services.onedrive_service: File URL retrieved for billing_uploads/Vancouver trip/a16de3e5927140219a0bbe97b055c53a.png
[INFO] 2025-06-27 18:24:57,977 - expenses.services.onedrive_service: Token cache saved successfully
[INFO] 2025-06-27 18:24:58,320 - expenses.services.onedrive_service: File URL retrieved for billing_uploads/Vancouver trip/a16de3e5927140219a0bbe97b055c53a.png
[INFO] 2025-06-27 18:24:58,338 - expenses.services.onedrive_service: Token cache saved successfully
[INFO] 2025-06-27 18:24:58,635 - expenses.services.onedrive_service: File URL retrieved for billing_uploads/copy of s1/Screenshot%202025-03-14%20103713.png
[INFO] 2025-06-27 18:24:58,644 - expenses.services.onedrive_service: Token cache saved successfully
[INFO] 2025-06-27 18:24:58,833 - django.server: "OPTIONS /api/expense-forms/10221/send_for_approval/ HTTP/1.1" 200 0
[INFO] 2025-06-27 18:24:59,114 - expenses.services.onedrive_service: File URL retrieved for billing_uploads/copy of s1/Screenshot%202025-03-14%20103713.png
[INFO] 2025-06-27 18:24:59,131 - expenses.services.onedrive_service: Token cache saved successfully
[INFO] 2025-06-27 18:24:59,439 - expenses.services.onedrive_service: File URL retrieved for billing_uploads/copy of s1/Screenshot%202025-03-14%20141008.png
[INFO] 2025-06-27 18:24:59,449 - expenses.services.onedrive_service: Token cache saved successfully
[INFO] 2025-06-27 18:24:59,881 - expenses.services.onedrive_service: File URL retrieved for billing_uploads/copy of s1/Screenshot%202025-03-14%20141008.png
[INFO] 2025-06-27 18:24:59,890 - expenses.services.onedrive_service: Token cache saved successfully
[INFO] 2025-06-27 18:25:00,187 - expenses.services.onedrive_service: File URL retrieved for billing_uploads/copy of s1/Screenshot%202025-03-12%20153414.png
[INFO] 2025-06-27 18:25:00,197 - expenses.services.onedrive_service: Token cache saved successfully
[INFO] 2025-06-27 18:25:00,534 - expenses.services.onedrive_service: File URL retrieved for billing_uploads/copy of s1/Screenshot%202025-03-12%20153414.png
[INFO] 2025-06-27 18:25:00,545 - expenses.services.onedrive_service: Token cache saved successfully
[INFO] 2025-06-27 18:25:00,883 - expenses.services.onedrive_service: File URL retrieved for billing_uploads/copy of s1/Screenshot%202025-03-14%20104819.png
[INFO] 2025-06-27 18:25:00,890 - expenses.services.onedrive_service: Token cache saved successfully
[INFO] 2025-06-27 18:25:01,345 - expenses.services.onedrive_service: File URL retrieved for billing_uploads/copy of s1/Screenshot%202025-03-14%20104819.png
[INFO] 2025-06-27 18:25:01,353 - expenses.services.onedrive_service: Token cache saved successfully
[INFO] 2025-06-27 18:25:01,669 - expenses.services.onedrive_service: File URL retrieved for billing_uploads/copy of s1/Screenshot%202025-03-14%20110204.png
[INFO] 2025-06-27 18:25:01,683 - expenses.services.onedrive_service: Token cache saved successfully
[INFO] 2025-06-27 18:25:02,124 - expenses.services.onedrive_service: File URL retrieved for billing_uploads/copy of s1/Screenshot%202025-03-14%20110204.png
[INFO] 2025-06-27 18:25:02,136 - expenses.services.onedrive_service: Token cache saved successfully
[INFO] 2025-06-27 18:25:03,059 - expenses.services.onedrive_service: File URL retrieved for billing_uploads/copy of s1/dataextr.pdf
[INFO] 2025-06-27 18:25:03,070 - expenses.services.onedrive_service: Token cache saved successfully
[INFO] 2025-06-27 18:25:03,367 - expenses.services.onedrive_service: File URL retrieved for billing_uploads/copy of s1/dataextr.pdf
[INFO] 2025-06-27 18:25:03,405 - expenses.services.onedrive_service: Token cache saved successfully
[INFO] 2025-06-27 18:25:03,862 - expenses.services.onedrive_service: File URL retrieved for billing_uploads/s1/cdc.jpg
[INFO] 2025-06-27 18:25:03,874 - expenses.services.onedrive_service: Token cache saved successfully
[INFO] 2025-06-27 18:25:04,241 - expenses.services.onedrive_service: File URL retrieved for billing_uploads/s1/cdc.jpg
[INFO] 2025-06-27 18:25:04,253 - expenses.services.onedrive_service: Token cache saved successfully
[INFO] 2025-06-27 18:25:04,558 - expenses.services.onedrive_service: File URL retrieved for billing_uploads/s1/CFA_Curriculum.pdf
[INFO] 2025-06-27 18:25:04,567 - expenses.services.onedrive_service: Token cache saved successfully
[INFO] 2025-06-27 18:25:04,956 - expenses.services.onedrive_service: File URL retrieved for billing_uploads/s1/CFA_Curriculum.pdf
[INFO] 2025-06-27 18:25:04,972 - expenses.services.onedrive_service: Token cache saved successfully
[INFO] 2025-06-27 18:25:05,297 - expenses.services.onedrive_service: File URL retrieved for billing_uploads/s2/dashboard.jpg
[INFO] 2025-06-27 18:25:05,301 - expenses.services.onedrive_service: Token cache saved successfully
[INFO] 2025-06-27 18:25:05,624 - expenses.services.onedrive_service: File URL retrieved for billing_uploads/s2/dashboard.jpg
[INFO] 2025-06-27 18:25:05,644 - expenses.services.onedrive_service: Token cache saved successfully
[INFO] 2025-06-27 18:25:06,013 - expenses.services.onedrive_service: File URL retrieved for billing_uploads/s2/CDC web services.txt
[INFO] 2025-06-27 18:25:06,023 - expenses.services.onedrive_service: Token cache saved successfully
[INFO] 2025-06-27 18:25:06,483 - expenses.services.onedrive_service: File URL retrieved for billing_uploads/s2/CDC web services.txt
[INFO] 2025-06-27 18:25:06,498 - expenses.services.onedrive_service: Token cache saved successfully
[INFO] 2025-06-27 18:25:06,894 - expenses.services.onedrive_service: File URL retrieved for billing_uploads/s2/cdc.jpg
[INFO] 2025-06-27 18:25:06,906 - expenses.services.onedrive_service: Token cache saved successfully
[INFO] 2025-06-27 18:25:07,213 - expenses.services.onedrive_service: File URL retrieved for billing_uploads/s2/cdc.jpg
[INFO] 2025-06-27 18:25:07,224 - expenses.services.onedrive_service: Token cache saved successfully
[INFO] 2025-06-27 18:25:07,532 - expenses.services.onedrive_service: File URL retrieved for billing_uploads/s2/CFA_Curriculum.pdf
[INFO] 2025-06-27 18:25:07,540 - expenses.services.onedrive_service: Token cache saved successfully
[INFO] 2025-06-27 18:25:07,822 - expenses.services.onedrive_service: File URL retrieved for billing_uploads/s2/CFA_Curriculum.pdf
[INFO] 2025-06-27 18:25:07,844 - expenses.services.onedrive_service: Token cache saved successfully
[INFO] 2025-06-27 18:25:08,228 - expenses.services.onedrive_service: File URL retrieved for billing_uploads/s2/Screenshot 2025-03-14 110204.png
[INFO] 2025-06-27 18:25:08,305 - expenses.services.onedrive_service: Token cache saved successfully
[INFO] 2025-06-27 18:25:08,844 - expenses.services.onedrive_service: File URL retrieved for billing_uploads/s2/Screenshot 2025-03-14 110204.png
[INFO] 2025-06-27 18:25:08,854 - expenses.services.onedrive_service: Token cache saved successfully
[INFO] 2025-06-27 18:25:09,103 - expenses.services.onedrive_service: File URL retrieved for billing_uploads/s2/Screenshot 2025-03-14 141008.png
[INFO] 2025-06-27 18:25:09,114 - expenses.services.onedrive_service: Token cache saved successfully
[INFO] 2025-06-27 18:25:09,350 - expenses.services.onedrive_service: File URL retrieved for billing_uploads/s2/Screenshot 2025-03-14 141008.png
[INFO] 2025-06-27 18:25:09,371 - expenses.services.onedrive_service: Token cache saved successfully
[INFO] 2025-06-27 18:25:09,589 - expenses.services.onedrive_service: File URL retrieved for billing_uploads/test1/CDC web services.txt
[INFO] 2025-06-27 18:25:09,598 - expenses.services.onedrive_service: Token cache saved successfully
[INFO] 2025-06-27 18:25:09,850 - expenses.services.onedrive_service: File URL retrieved for billing_uploads/test1/CDC web services.txt
[INFO] 2025-06-27 18:25:09,905 - expenses.services.onedrive_service: Token cache saved successfully
[INFO] 2025-06-27 18:25:10,261 - expenses.services.onedrive_service: File URL retrieved for billing_uploads/test1/arc.png
[INFO] 2025-06-27 18:25:10,270 - expenses.services.onedrive_service: Token cache saved successfully
[INFO] 2025-06-27 18:25:10,532 - expenses.services.onedrive_service: File URL retrieved for billing_uploads/test1/arc.png
[INFO] 2025-06-27 18:25:10,540 - expenses.services.onedrive_service: Token cache saved successfully
[INFO] 2025-06-27 18:25:10,832 - expenses.services.onedrive_service: File URL retrieved for billing_uploads/test1/Python_Certificate.pdf
[INFO] 2025-06-27 18:25:10,841 - expenses.services.onedrive_service: Token cache saved successfully
[INFO] 2025-06-27 18:25:11,157 - expenses.services.onedrive_service: File URL retrieved for billing_uploads/test1/Python_Certificate.pdf
[INFO] 2025-06-27 18:25:11,173 - expenses.services.onedrive_service: Token cache saved successfully
[INFO] 2025-06-27 18:25:11,430 - expenses.services.onedrive_service: File URL retrieved for billing_uploads/trip1/Screenshot 2025-03-14 110204.png
[INFO] 2025-06-27 18:25:11,435 - expenses.services.onedrive_service: Token cache saved successfully
[INFO] 2025-06-27 18:25:11,671 - expenses.services.onedrive_service: File URL retrieved for billing_uploads/trip1/Screenshot 2025-03-14 110204.png
[INFO] 2025-06-27 18:25:11,684 - expenses.services.onedrive_service: Token cache saved successfully
[INFO] 2025-06-27 18:25:11,919 - expenses.services.onedrive_service: File URL retrieved for billing_uploads/trip1/Screenshot 2025-03-14 141008.png
[INFO] 2025-06-27 18:25:11,927 - expenses.services.onedrive_service: Token cache saved successfully
[INFO] 2025-06-27 18:25:12,142 - expenses.services.onedrive_service: File URL retrieved for billing_uploads/trip1/Screenshot 2025-03-14 141008.png
[INFO] 2025-06-27 18:25:12,155 - expenses.services.onedrive_service: Token cache saved successfully
[INFO] 2025-06-27 18:25:12,386 - expenses.services.onedrive_service: File URL retrieved for billing_uploads/trip1/Screenshot 2025-03-14 142857.png
[INFO] 2025-06-27 18:25:12,397 - expenses.services.onedrive_service: Token cache saved successfully
[INFO] 2025-06-27 18:25:12,609 - expenses.services.onedrive_service: File URL retrieved for billing_uploads/trip1/Screenshot 2025-03-14 142857.png
[INFO] 2025-06-27 18:25:12,618 - expenses.services.onedrive_service: Token cache saved successfully
[INFO] 2025-06-27 18:25:12,859 - expenses.services.onedrive_service: File URL retrieved for billing_uploads/trip1/Screenshot 2025-03-17 120441.png
[INFO] 2025-06-27 18:25:12,869 - expenses.services.onedrive_service: Token cache saved successfully
[INFO] 2025-06-27 18:25:13,068 - expenses.services.onedrive_service: File URL retrieved for billing_uploads/trip1/Screenshot 2025-03-17 120441.png
[INFO] 2025-06-27 18:25:13,073 - django.server: "GET /api/expense-forms/ HTTP/1.1" 200 13457
[INFO] 2025-06-27 18:30:21,455 - django.utils.autoreload: C:\Users\Neha\OneDrive\Desktop\Billing-Site\backend\expenses\services\email_service.py changed, reloading.
[INFO] 2025-06-27 18:30:23,656 - django.utils.autoreload: Watching for file changes with StatReloader
[INFO] 2025-06-27 18:30:32,733 - django.utils.autoreload: C:\Users\Neha\OneDrive\Desktop\Billing-Site\backend\expenses\services\email_service.py changed, reloading.
[INFO] 2025-06-27 18:30:35,605 - django.utils.autoreload: Watching for file changes with StatReloader
[INFO] 2025-06-27 18:31:44,771 - django.server: "GET /api/expense-titles/ HTTP/1.1" 200 569
[INFO] 2025-06-27 18:31:44,782 - django.server: "GET /api/expense-titles/ HTTP/1.1" 200 569
[INFO] 2025-06-27 18:31:44,793 - expenses.services.onedrive_service: Token cache saved successfully
[INFO] 2025-06-27 18:31:44,983 - expenses.services.onedrive_service: Token cache saved successfully
[INFO] 2025-06-27 18:31:45,231 - expenses.services.onedrive_service: Token cache saved successfully
[INFO] 2025-06-27 18:31:45,454 - expenses.services.onedrive_service: Token cache saved successfully
[INFO] 2025-06-27 18:31:45,725 - expenses.services.onedrive_service: Token cache saved successfully
[INFO] 2025-06-27 18:31:45,992 - expenses.services.onedrive_service: Token cache saved successfully
[INFO] 2025-06-27 18:31:46,248 - expenses.services.onedrive_service: Token cache saved successfully
[INFO] 2025-06-27 18:31:46,878 - expenses.services.onedrive_service: File URL retrieved for billing_uploads/Vancouver trip/4f5b5c6e916f4ff7959a68711f568dbd.png
[INFO] 2025-06-27 18:31:46,883 - expenses.services.onedrive_service: Token cache saved successfully
[INFO] 2025-06-27 18:31:47,237 - expenses.services.onedrive_service: File URL retrieved for billing_uploads/Vancouver trip/4f5b5c6e916f4ff7959a68711f568dbd.png
[INFO] 2025-06-27 18:31:47,242 - expenses.services.onedrive_service: Token cache saved successfully
[INFO] 2025-06-27 18:31:47,533 - expenses.services.onedrive_service: File URL retrieved for billing_uploads/Vancouver trip/2d0fbfd00a4d414ea12f067f75f8e3c9.png
[INFO] 2025-06-27 18:31:47,537 - expenses.services.onedrive_service: Token cache saved successfully
[INFO] 2025-06-27 18:31:47,768 - expenses.services.onedrive_service: File URL retrieved for billing_uploads/Vancouver trip/2d0fbfd00a4d414ea12f067f75f8e3c9.png
[INFO] 2025-06-27 18:31:47,772 - expenses.services.onedrive_service: Token cache saved successfully
[INFO] 2025-06-27 18:31:47,991 - expenses.services.onedrive_service: File URL retrieved for billing_uploads/Vancouver trip/a16de3e5927140219a0bbe97b055c53a.png
[INFO] 2025-06-27 18:31:47,995 - expenses.services.onedrive_service: Token cache saved successfully
[INFO] 2025-06-27 18:31:48,227 - expenses.services.onedrive_service: File URL retrieved for billing_uploads/Vancouver trip/a16de3e5927140219a0bbe97b055c53a.png
[INFO] 2025-06-27 18:31:48,235 - expenses.services.onedrive_service: Token cache saved successfully
[INFO] 2025-06-27 18:31:48,510 - expenses.services.onedrive_service: File URL retrieved for billing_uploads/copy of s1/Screenshot%202025-03-14%20103713.png
[INFO] 2025-06-27 18:31:48,514 - expenses.services.onedrive_service: Token cache saved successfully
[INFO] 2025-06-27 18:31:48,728 - expenses.services.onedrive_service: File URL retrieved for billing_uploads/copy of s1/Screenshot%202025-03-14%20103713.png
[INFO] 2025-06-27 18:31:48,731 - expenses.services.onedrive_service: Token cache saved successfully
[INFO] 2025-06-27 18:31:48,973 - expenses.services.onedrive_service: File URL retrieved for billing_uploads/copy of s1/Screenshot%202025-03-14%20141008.png
[INFO] 2025-06-27 18:31:48,979 - expenses.services.onedrive_service: Token cache saved successfully
[INFO] 2025-06-27 18:31:49,377 - expenses.services.onedrive_service: File URL retrieved for billing_uploads/copy of s1/Screenshot%202025-03-14%20141008.png
[INFO] 2025-06-27 18:31:49,380 - expenses.services.onedrive_service: Token cache saved successfully
[INFO] 2025-06-27 18:31:49,630 - expenses.services.onedrive_service: File URL retrieved for billing_uploads/copy of s1/Screenshot%202025-03-12%20153414.png
[INFO] 2025-06-27 18:31:49,633 - expenses.services.onedrive_service: Token cache saved successfully
[INFO] 2025-06-27 18:31:49,871 - expenses.services.onedrive_service: File URL retrieved for billing_uploads/copy of s1/Screenshot%202025-03-12%20153414.png
[INFO] 2025-06-27 18:31:49,876 - expenses.services.onedrive_service: Token cache saved successfully
[INFO] 2025-06-27 18:31:50,259 - expenses.services.onedrive_service: File URL retrieved for billing_uploads/copy of s1/Screenshot%202025-03-14%20104819.png
[INFO] 2025-06-27 18:31:50,262 - expenses.services.onedrive_service: Token cache saved successfully
[INFO] 2025-06-27 18:31:50,487 - expenses.services.onedrive_service: File URL retrieved for billing_uploads/copy of s1/Screenshot%202025-03-14%20104819.png
[INFO] 2025-06-27 18:31:50,490 - expenses.services.onedrive_service: Token cache saved successfully
[INFO] 2025-06-27 18:31:50,730 - expenses.services.onedrive_service: File URL retrieved for billing_uploads/copy of s1/Screenshot%202025-03-14%20110204.png
[INFO] 2025-06-27 18:31:50,734 - expenses.services.onedrive_service: Token cache saved successfully
[INFO] 2025-06-27 18:31:50,993 - expenses.services.onedrive_service: File URL retrieved for billing_uploads/copy of s1/Screenshot%202025-03-14%20110204.png
[INFO] 2025-06-27 18:31:50,995 - expenses.services.onedrive_service: Token cache saved successfully
[INFO] 2025-06-27 18:31:51,250 - expenses.services.onedrive_service: File URL retrieved for billing_uploads/copy of s1/dataextr.pdf
[INFO] 2025-06-27 18:31:51,253 - expenses.services.onedrive_service: Token cache saved successfully
[INFO] 2025-06-27 18:31:51,487 - expenses.services.onedrive_service: File URL retrieved for billing_uploads/copy of s1/dataextr.pdf
[INFO] 2025-06-27 18:31:51,531 - expenses.services.onedrive_service: Token cache saved successfully
[INFO] 2025-06-27 18:31:52,210 - expenses.services.onedrive_service: File URL retrieved for billing_uploads/s1/cdc.jpg
[INFO] 2025-06-27 18:31:52,213 - expenses.services.onedrive_service: Token cache saved successfully
[INFO] 2025-06-27 18:31:52,412 - expenses.services.onedrive_service: File URL retrieved for billing_uploads/s1/cdc.jpg
[INFO] 2025-06-27 18:31:52,416 - expenses.services.onedrive_service: Token cache saved successfully
[INFO] 2025-06-27 18:31:52,638 - expenses.services.onedrive_service: File URL retrieved for billing_uploads/s1/CFA_Curriculum.pdf
[INFO] 2025-06-27 18:31:52,647 - expenses.services.onedrive_service: Token cache saved successfully
[INFO] 2025-06-27 18:31:52,973 - expenses.services.onedrive_service: File URL retrieved for billing_uploads/s1/CFA_Curriculum.pdf
[INFO] 2025-06-27 18:31:52,979 - expenses.services.onedrive_service: Token cache saved successfully
[INFO] 2025-06-27 18:31:53,181 - expenses.services.onedrive_service: File URL retrieved for billing_uploads/s2/dashboard.jpg
[INFO] 2025-06-27 18:31:53,188 - expenses.services.onedrive_service: Token cache saved successfully
[INFO] 2025-06-27 18:31:53,477 - expenses.services.onedrive_service: File URL retrieved for billing_uploads/s2/dashboard.jpg
[INFO] 2025-06-27 18:31:53,484 - expenses.services.onedrive_service: Token cache saved successfully
[INFO] 2025-06-27 18:31:53,754 - expenses.services.onedrive_service: File URL retrieved for billing_uploads/s2/CDC web services.txt
[INFO] 2025-06-27 18:31:53,758 - expenses.services.onedrive_service: Token cache saved successfully
[INFO] 2025-06-27 18:31:53,986 - expenses.services.onedrive_service: File URL retrieved for billing_uploads/s2/CDC web services.txt
[INFO] 2025-06-27 18:31:53,990 - expenses.services.onedrive_service: Token cache saved successfully
[INFO] 2025-06-27 18:31:54,190 - expenses.services.onedrive_service: File URL retrieved for billing_uploads/s2/cdc.jpg
[INFO] 2025-06-27 18:31:54,193 - expenses.services.onedrive_service: Token cache saved successfully
[INFO] 2025-06-27 18:31:54,460 - expenses.services.onedrive_service: File URL retrieved for billing_uploads/s2/cdc.jpg
[INFO] 2025-06-27 18:31:54,463 - expenses.services.onedrive_service: Token cache saved successfully
[INFO] 2025-06-27 18:31:54,717 - expenses.services.onedrive_service: File URL retrieved for billing_uploads/s2/CFA_Curriculum.pdf
[INFO] 2025-06-27 18:31:54,720 - expenses.services.onedrive_service: Token cache saved successfully
[INFO] 2025-06-27 18:31:54,971 - expenses.services.onedrive_service: File URL retrieved for billing_uploads/s2/CFA_Curriculum.pdf
[INFO] 2025-06-27 18:31:54,982 - expenses.services.onedrive_service: Token cache saved successfully
[INFO] 2025-06-27 18:31:55,178 - expenses.services.onedrive_service: File URL retrieved for billing_uploads/s2/Screenshot 2025-03-14 110204.png
[INFO] 2025-06-27 18:31:55,181 - expenses.services.onedrive_service: Token cache saved successfully
[INFO] 2025-06-27 18:31:55,411 - expenses.services.onedrive_service: File URL retrieved for billing_uploads/s2/Screenshot 2025-03-14 110204.png
[INFO] 2025-06-27 18:31:55,415 - expenses.services.onedrive_service: Token cache saved successfully
[INFO] 2025-06-27 18:31:55,624 - expenses.services.onedrive_service: File URL retrieved for billing_uploads/s2/Screenshot 2025-03-14 141008.png
[INFO] 2025-06-27 18:31:55,627 - expenses.services.onedrive_service: Token cache saved successfully
[INFO] 2025-06-27 18:31:55,887 - expenses.services.onedrive_service: File URL retrieved for billing_uploads/s2/Screenshot 2025-03-14 141008.png
[INFO] 2025-06-27 18:31:55,907 - expenses.services.onedrive_service: Token cache saved successfully
[INFO] 2025-06-27 18:31:56,121 - expenses.services.onedrive_service: File URL retrieved for billing_uploads/test1/CDC web services.txt
[INFO] 2025-06-27 18:31:56,124 - expenses.services.onedrive_service: Token cache saved successfully
[INFO] 2025-06-27 18:31:56,397 - expenses.services.onedrive_service: File URL retrieved for billing_uploads/test1/CDC web services.txt
[INFO] 2025-06-27 18:31:56,400 - expenses.services.onedrive_service: Token cache saved successfully
[INFO] 2025-06-27 18:31:56,614 - expenses.services.onedrive_service: File URL retrieved for billing_uploads/test1/arc.png
[INFO] 2025-06-27 18:31:56,617 - expenses.services.onedrive_service: Token cache saved successfully
[INFO] 2025-06-27 18:31:56,937 - expenses.services.onedrive_service: File URL retrieved for billing_uploads/test1/arc.png
[INFO] 2025-06-27 18:31:56,940 - expenses.services.onedrive_service: Token cache saved successfully
[INFO] 2025-06-27 18:31:57,156 - expenses.services.onedrive_service: File URL retrieved for billing_uploads/test1/Python_Certificate.pdf
[INFO] 2025-06-27 18:31:57,160 - expenses.services.onedrive_service: Token cache saved successfully
[INFO] 2025-06-27 18:31:57,352 - expenses.services.onedrive_service: File URL retrieved for billing_uploads/test1/Python_Certificate.pdf
[INFO] 2025-06-27 18:31:57,359 - expenses.services.onedrive_service: Token cache saved successfully
[INFO] 2025-06-27 18:31:57,563 - expenses.services.onedrive_service: File URL retrieved for billing_uploads/trip1/Screenshot 2025-03-14 110204.png
[INFO] 2025-06-27 18:31:57,567 - expenses.services.onedrive_service: Token cache saved successfully
[INFO] 2025-06-27 18:31:57,811 - expenses.services.onedrive_service: File URL retrieved for billing_uploads/trip1/Screenshot 2025-03-14 110204.png
[INFO] 2025-06-27 18:31:57,814 - expenses.services.onedrive_service: Token cache saved successfully
[INFO] 2025-06-27 18:31:58,072 - expenses.services.onedrive_service: File URL retrieved for billing_uploads/trip1/Screenshot 2025-03-14 141008.png
[INFO] 2025-06-27 18:31:58,074 - expenses.services.onedrive_service: Token cache saved successfully
[INFO] 2025-06-27 18:31:58,323 - expenses.services.onedrive_service: File URL retrieved for billing_uploads/trip1/Screenshot 2025-03-14 141008.png
[INFO] 2025-06-27 18:31:58,326 - expenses.services.onedrive_service: Token cache saved successfully
[INFO] 2025-06-27 18:31:58,509 - expenses.services.onedrive_service: File URL retrieved for billing_uploads/trip1/Screenshot 2025-03-14 142857.png
[INFO] 2025-06-27 18:31:58,512 - expenses.services.onedrive_service: Token cache saved successfully
[INFO] 2025-06-27 18:31:58,752 - expenses.services.onedrive_service: File URL retrieved for billing_uploads/trip1/Screenshot 2025-03-14 142857.png
[INFO] 2025-06-27 18:31:58,779 - expenses.services.onedrive_service: Token cache saved successfully
[INFO] 2025-06-27 18:31:59,027 - expenses.services.onedrive_service: File URL retrieved for billing_uploads/trip1/Screenshot 2025-03-17 120441.png
[INFO] 2025-06-27 18:31:59,031 - expenses.services.onedrive_service: Token cache saved successfully
[INFO] 2025-06-27 18:31:59,238 - expenses.services.onedrive_service: File URL retrieved for billing_uploads/trip1/Screenshot 2025-03-17 120441.png
[INFO] 2025-06-27 18:31:59,240 - django.server: "GET /api/expense-forms/ HTTP/1.1" 200 13467
[INFO] 2025-06-27 18:31:59,277 - expenses.services.onedrive_service: Token cache saved successfully
[INFO] 2025-06-27 18:31:59,509 - expenses.services.onedrive_service: Token cache saved successfully
[INFO] 2025-06-27 18:31:59,835 - expenses.services.onedrive_service: Token cache saved successfully
[INFO] 2025-06-27 18:32:00,101 - expenses.services.onedrive_service: Token cache saved successfully
[INFO] 2025-06-27 18:32:00,301 - expenses.services.onedrive_service: Token cache saved successfully
[INFO] 2025-06-27 18:32:00,588 - expenses.services.onedrive_service: Token cache saved successfully
[INFO] 2025-06-27 18:32:00,772 - expenses.services.onedrive_service: Token cache saved successfully
[INFO] 2025-06-27 18:32:00,977 - expenses.services.onedrive_service: File URL retrieved for billing_uploads/Vancouver trip/4f5b5c6e916f4ff7959a68711f568dbd.png
[INFO] 2025-06-27 18:32:00,980 - expenses.services.onedrive_service: Token cache saved successfully
[INFO] 2025-06-27 18:32:01,173 - expenses.services.onedrive_service: File URL retrieved for billing_uploads/Vancouver trip/4f5b5c6e916f4ff7959a68711f568dbd.png
[INFO] 2025-06-27 18:32:01,177 - expenses.services.onedrive_service: Token cache saved successfully
[INFO] 2025-06-27 18:32:01,367 - expenses.services.onedrive_service: File URL retrieved for billing_uploads/Vancouver trip/2d0fbfd00a4d414ea12f067f75f8e3c9.png
[INFO] 2025-06-27 18:32:01,371 - expenses.services.onedrive_service: Token cache saved successfully
[INFO] 2025-06-27 18:32:01,566 - expenses.services.onedrive_service: File URL retrieved for billing_uploads/Vancouver trip/2d0fbfd00a4d414ea12f067f75f8e3c9.png
[INFO] 2025-06-27 18:32:01,594 - expenses.services.onedrive_service: Token cache saved successfully
[INFO] 2025-06-27 18:32:01,641 - django.server: "OPTIONS /api/expense-forms/10214/send_for_approval/ HTTP/1.1" 200 0
[INFO] 2025-06-27 18:32:01,924 - expenses.services.onedrive_service: File URL retrieved for billing_uploads/Vancouver trip/a16de3e5927140219a0bbe97b055c53a.png
[INFO] 2025-06-27 18:32:01,953 - expenses.services.onedrive_service: Token cache saved successfully
[INFO] 2025-06-27 18:32:02,168 - expenses.services.onedrive_service: File URL retrieved for billing_uploads/Vancouver trip/a16de3e5927140219a0bbe97b055c53a.png
[INFO] 2025-06-27 18:32:02,194 - expenses.services.email_service: Email sent to nehas@appglide.io
[INFO] 2025-06-27 18:32:02,198 - expenses.services.onedrive_service: Token cache saved successfully
[INFO] 2025-06-27 18:32:02,227 - expenses.services.onedrive_service: Token cache saved successfully
[INFO] 2025-06-27 18:32:02,413 - expenses.services.onedrive_service: File URL retrieved for billing_uploads/copy of s1/Screenshot%202025-03-14%20103713.png
[INFO] 2025-06-27 18:32:02,417 - expenses.services.onedrive_service: Token cache saved successfully
[INFO] 2025-06-27 18:32:02,679 - expenses.services.onedrive_service: File URL retrieved for billing_uploads/s2/dashboard.jpg
[INFO] 2025-06-27 18:32:02,681 - expenses.services.onedrive_service: Token cache saved successfully
[INFO] 2025-06-27 18:32:02,844 - expenses.services.onedrive_service: File URL retrieved for billing_uploads/copy of s1/Screenshot%202025-03-14%20103713.png
[INFO] 2025-06-27 18:32:02,853 - expenses.services.onedrive_service: Token cache saved successfully
[INFO] 2025-06-27 18:32:02,870 - expenses.services.onedrive_service: File URL retrieved for billing_uploads/s2/dashboard.jpg
[INFO] 2025-06-27 18:32:02,872 - django.server: "POST /api/expense-forms/10214/send_for_approval/ HTTP/1.1" 200 709
[INFO] 2025-06-27 18:32:02,886 - django.server: "GET /api/expense-titles/ HTTP/1.1" 200 569
[INFO] 2025-06-27 18:32:03,065 - expenses.services.onedrive_service: File URL retrieved for billing_uploads/copy of s1/Screenshot%202025-03-14%20141008.png
[INFO] 2025-06-27 18:32:03,071 - expenses.services.onedrive_service: Token cache saved successfully
[INFO] 2025-06-27 18:32:03,269 - expenses.services.onedrive_service: File URL retrieved for billing_uploads/copy of s1/Screenshot%202025-03-14%20141008.png
[INFO] 2025-06-27 18:32:03,275 - expenses.services.onedrive_service: Token cache saved successfully
[INFO] 2025-06-27 18:32:03,480 - expenses.services.onedrive_service: File URL retrieved for billing_uploads/copy of s1/Screenshot%202025-03-12%20153414.png
[INFO] 2025-06-27 18:32:03,485 - expenses.services.onedrive_service: Token cache saved successfully
[INFO] 2025-06-27 18:32:03,740 - expenses.services.onedrive_service: File URL retrieved for billing_uploads/copy of s1/Screenshot%202025-03-12%20153414.png
[INFO] 2025-06-27 18:32:03,744 - expenses.services.onedrive_service: Token cache saved successfully
[INFO] 2025-06-27 18:32:03,998 - expenses.services.onedrive_service: File URL retrieved for billing_uploads/copy of s1/Screenshot%202025-03-14%20104819.png
[INFO] 2025-06-27 18:32:04,002 - expenses.services.onedrive_service: Token cache saved successfully
[INFO] 2025-06-27 18:32:04,226 - expenses.services.onedrive_service: File URL retrieved for billing_uploads/copy of s1/Screenshot%202025-03-14%20104819.png
[INFO] 2025-06-27 18:32:04,229 - expenses.services.onedrive_service: Token cache saved successfully
[INFO] 2025-06-27 18:32:04,449 - expenses.services.onedrive_service: File URL retrieved for billing_uploads/copy of s1/Screenshot%202025-03-14%20110204.png
[INFO] 2025-06-27 18:32:04,455 - expenses.services.onedrive_service: Token cache saved successfully
[INFO] 2025-06-27 18:32:04,678 - expenses.services.onedrive_service: File URL retrieved for billing_uploads/copy of s1/Screenshot%202025-03-14%20110204.png
[INFO] 2025-06-27 18:32:04,682 - expenses.services.onedrive_service: Token cache saved successfully
[INFO] 2025-06-27 18:32:04,891 - expenses.services.onedrive_service: File URL retrieved for billing_uploads/copy of s1/dataextr.pdf
[INFO] 2025-06-27 18:32:04,896 - expenses.services.onedrive_service: Token cache saved successfully
[INFO] 2025-06-27 18:32:05,220 - expenses.services.onedrive_service: File URL retrieved for billing_uploads/copy of s1/dataextr.pdf
[INFO] 2025-06-27 18:32:05,232 - expenses.services.onedrive_service: Token cache saved successfully
[INFO] 2025-06-27 18:32:05,689 - expenses.services.onedrive_service: File URL retrieved for billing_uploads/s1/cdc.jpg
[INFO] 2025-06-27 18:32:05,692 - expenses.services.onedrive_service: Token cache saved successfully
[INFO] 2025-06-27 18:32:05,926 - expenses.services.onedrive_service: File URL retrieved for billing_uploads/s1/cdc.jpg
[INFO] 2025-06-27 18:32:05,929 - expenses.services.onedrive_service: Token cache saved successfully
[INFO] 2025-06-27 18:32:06,131 - expenses.services.onedrive_service: File URL retrieved for billing_uploads/s1/CFA_Curriculum.pdf
[INFO] 2025-06-27 18:32:06,135 - expenses.services.onedrive_service: Token cache saved successfully
[INFO] 2025-06-27 18:32:06,479 - expenses.services.onedrive_service: File URL retrieved for billing_uploads/s1/CFA_Curriculum.pdf
[INFO] 2025-06-27 18:32:06,486 - expenses.services.onedrive_service: Token cache saved successfully
[INFO] 2025-06-27 18:32:06,785 - expenses.services.onedrive_service: File URL retrieved for billing_uploads/s2/dashboard.jpg
[INFO] 2025-06-27 18:32:06,788 - expenses.services.onedrive_service: Token cache saved successfully
[INFO] 2025-06-27 18:32:07,102 - expenses.services.onedrive_service: File URL retrieved for billing_uploads/s2/dashboard.jpg
[INFO] 2025-06-27 18:32:07,108 - expenses.services.onedrive_service: Token cache saved successfully
[INFO] 2025-06-27 18:32:07,389 - expenses.services.onedrive_service: File URL retrieved for billing_uploads/s2/CDC web services.txt
[INFO] 2025-06-27 18:32:07,392 - expenses.services.onedrive_service: Token cache saved successfully
[INFO] 2025-06-27 18:32:07,687 - expenses.services.onedrive_service: File URL retrieved for billing_uploads/s2/CDC web services.txt
[INFO] 2025-06-27 18:32:07,690 - expenses.services.onedrive_service: Token cache saved successfully
[INFO] 2025-06-27 18:32:07,893 - expenses.services.onedrive_service: File URL retrieved for billing_uploads/s2/cdc.jpg
[INFO] 2025-06-27 18:32:07,897 - expenses.services.onedrive_service: Token cache saved successfully
[INFO] 2025-06-27 18:32:08,120 - expenses.services.onedrive_service: File URL retrieved for billing_uploads/s2/cdc.jpg
[INFO] 2025-06-27 18:32:08,123 - expenses.services.onedrive_service: Token cache saved successfully
[INFO] 2025-06-27 18:32:08,361 - expenses.services.onedrive_service: File URL retrieved for billing_uploads/s2/CFA_Curriculum.pdf
[INFO] 2025-06-27 18:32:08,364 - expenses.services.onedrive_service: Token cache saved successfully
[INFO] 2025-06-27 18:32:08,569 - expenses.services.onedrive_service: File URL retrieved for billing_uploads/s2/CFA_Curriculum.pdf
[INFO] 2025-06-27 18:32:08,575 - expenses.services.onedrive_service: Token cache saved successfully
[INFO] 2025-06-27 18:32:08,796 - expenses.services.onedrive_service: File URL retrieved for billing_uploads/s2/Screenshot 2025-03-14 110204.png
[INFO] 2025-06-27 18:32:08,801 - expenses.services.onedrive_service: Token cache saved successfully
[INFO] 2025-06-27 18:32:09,021 - expenses.services.onedrive_service: File URL retrieved for billing_uploads/s2/Screenshot 2025-03-14 110204.png
[INFO] 2025-06-27 18:32:09,025 - expenses.services.onedrive_service: Token cache saved successfully
[INFO] 2025-06-27 18:32:09,249 - expenses.services.onedrive_service: File URL retrieved for billing_uploads/s2/Screenshot 2025-03-14 141008.png
[INFO] 2025-06-27 18:32:09,254 - expenses.services.onedrive_service: Token cache saved successfully
[INFO] 2025-06-27 18:32:09,460 - expenses.services.onedrive_service: File URL retrieved for billing_uploads/s2/Screenshot 2025-03-14 141008.png
[INFO] 2025-06-27 18:32:09,473 - expenses.services.onedrive_service: Token cache saved successfully
[INFO] 2025-06-27 18:32:09,679 - expenses.services.onedrive_service: File URL retrieved for billing_uploads/test1/CDC web services.txt
[INFO] 2025-06-27 18:32:09,684 - expenses.services.onedrive_service: Token cache saved successfully
[INFO] 2025-06-27 18:32:09,911 - expenses.services.onedrive_service: File URL retrieved for billing_uploads/test1/CDC web services.txt
[INFO] 2025-06-27 18:32:09,917 - expenses.services.onedrive_service: Token cache saved successfully
[INFO] 2025-06-27 18:32:10,157 - expenses.services.onedrive_service: File URL retrieved for billing_uploads/test1/arc.png
[INFO] 2025-06-27 18:32:10,162 - expenses.services.onedrive_service: Token cache saved successfully
[INFO] 2025-06-27 18:32:10,364 - expenses.services.onedrive_service: File URL retrieved for billing_uploads/test1/arc.png
[INFO] 2025-06-27 18:32:10,367 - expenses.services.onedrive_service: Token cache saved successfully
[INFO] 2025-06-27 18:32:10,579 - expenses.services.onedrive_service: File URL retrieved for billing_uploads/test1/Python_Certificate.pdf
[INFO] 2025-06-27 18:32:10,582 - expenses.services.onedrive_service: Token cache saved successfully
[INFO] 2025-06-27 18:32:10,830 - expenses.services.onedrive_service: File URL retrieved for billing_uploads/test1/Python_Certificate.pdf
[INFO] 2025-06-27 18:32:10,842 - expenses.services.onedrive_service: Token cache saved successfully
[INFO] 2025-06-27 18:32:11,120 - expenses.services.onedrive_service: File URL retrieved for billing_uploads/trip1/Screenshot 2025-03-14 110204.png
[INFO] 2025-06-27 18:32:11,124 - expenses.services.onedrive_service: Token cache saved successfully
[INFO] 2025-06-27 18:32:11,411 - expenses.services.onedrive_service: File URL retrieved for billing_uploads/trip1/Screenshot 2025-03-14 110204.png
[INFO] 2025-06-27 18:32:11,413 - expenses.services.onedrive_service: Token cache saved successfully
[INFO] 2025-06-27 18:32:11,611 - expenses.services.onedrive_service: File URL retrieved for billing_uploads/trip1/Screenshot 2025-03-14 141008.png
[INFO] 2025-06-27 18:32:11,615 - expenses.services.onedrive_service: Token cache saved successfully
[INFO] 2025-06-27 18:32:11,837 - expenses.services.onedrive_service: File URL retrieved for billing_uploads/trip1/Screenshot 2025-03-14 141008.png
[INFO] 2025-06-27 18:32:11,840 - expenses.services.onedrive_service: Token cache saved successfully
[INFO] 2025-06-27 18:32:12,016 - expenses.services.onedrive_service: File URL retrieved for billing_uploads/trip1/Screenshot 2025-03-14 142857.png
[INFO] 2025-06-27 18:32:12,019 - expenses.services.onedrive_service: Token cache saved successfully
[INFO] 2025-06-27 18:32:12,251 - expenses.services.onedrive_service: File URL retrieved for billing_uploads/trip1/Screenshot 2025-03-14 142857.png
[INFO] 2025-06-27 18:32:12,254 - expenses.services.onedrive_service: Token cache saved successfully
[INFO] 2025-06-27 18:32:12,478 - expenses.services.onedrive_service: File URL retrieved for billing_uploads/trip1/Screenshot 2025-03-17 120441.png
[INFO] 2025-06-27 18:32:12,481 - expenses.services.onedrive_service: Token cache saved successfully
[INFO] 2025-06-27 18:32:12,680 - expenses.services.onedrive_service: File URL retrieved for billing_uploads/trip1/Screenshot 2025-03-17 120441.png
[INFO] 2025-06-27 18:32:12,682 - django.server: "GET /api/expense-forms/ HTTP/1.1" 200 13467
[INFO] 2025-06-27 18:32:12,712 - expenses.services.onedrive_service: Token cache saved successfully
[INFO] 2025-06-27 18:32:12,932 - expenses.services.onedrive_service: Token cache saved successfully
[INFO] 2025-06-27 18:32:13,112 - expenses.services.onedrive_service: Token cache saved successfully
[INFO] 2025-06-27 18:32:13,327 - expenses.services.onedrive_service: Token cache saved successfully
[INFO] 2025-06-27 18:32:13,551 - expenses.services.onedrive_service: Token cache saved successfully
[INFO] 2025-06-27 18:32:13,734 - expenses.services.onedrive_service: Token cache saved successfully
[INFO] 2025-06-27 18:32:13,905 - expenses.services.onedrive_service: Token cache saved successfully
[INFO] 2025-06-27 18:32:14,089 - expenses.services.onedrive_service: File URL retrieved for billing_uploads/Vancouver trip/4f5b5c6e916f4ff7959a68711f568dbd.png
[INFO] 2025-06-27 18:32:14,094 - expenses.services.onedrive_service: Token cache saved successfully
[INFO] 2025-06-27 18:32:14,308 - expenses.services.onedrive_service: File URL retrieved for billing_uploads/Vancouver trip/4f5b5c6e916f4ff7959a68711f568dbd.png
[INFO] 2025-06-27 18:32:14,313 - expenses.services.onedrive_service: Token cache saved successfully
[INFO] 2025-06-27 18:32:14,538 - expenses.services.onedrive_service: File URL retrieved for billing_uploads/Vancouver trip/2d0fbfd00a4d414ea12f067f75f8e3c9.png
[INFO] 2025-06-27 18:32:14,542 - expenses.services.onedrive_service: Token cache saved successfully
[INFO] 2025-06-27 18:32:14,749 - expenses.services.onedrive_service: File URL retrieved for billing_uploads/Vancouver trip/2d0fbfd00a4d414ea12f067f75f8e3c9.png
[INFO] 2025-06-27 18:32:14,754 - expenses.services.onedrive_service: Token cache saved successfully
[INFO] 2025-06-27 18:32:15,141 - expenses.services.onedrive_service: File URL retrieved for billing_uploads/Vancouver trip/a16de3e5927140219a0bbe97b055c53a.png
[INFO] 2025-06-27 18:32:15,145 - expenses.services.onedrive_service: Token cache saved successfully
[INFO] 2025-06-27 18:32:15,363 - expenses.services.onedrive_service: File URL retrieved for billing_uploads/Vancouver trip/a16de3e5927140219a0bbe97b055c53a.png
[INFO] 2025-06-27 18:32:15,374 - expenses.services.onedrive_service: Token cache saved successfully
[INFO] 2025-06-27 18:32:15,621 - expenses.services.onedrive_service: File URL retrieved for billing_uploads/copy of s1/Screenshot%202025-03-14%20103713.png
[INFO] 2025-06-27 18:32:15,624 - expenses.services.onedrive_service: Token cache saved successfully
[INFO] 2025-06-27 18:32:15,845 - expenses.services.onedrive_service: File URL retrieved for billing_uploads/copy of s1/Screenshot%202025-03-14%20103713.png
[INFO] 2025-06-27 18:32:15,848 - expenses.services.onedrive_service: Token cache saved successfully
[INFO] 2025-06-27 18:32:16,073 - expenses.services.onedrive_service: File URL retrieved for billing_uploads/copy of s1/Screenshot%202025-03-14%20141008.png
[INFO] 2025-06-27 18:32:16,076 - expenses.services.onedrive_service: Token cache saved successfully
[INFO] 2025-06-27 18:32:16,418 - expenses.services.onedrive_service: File URL retrieved for billing_uploads/copy of s1/Screenshot%202025-03-14%20141008.png
[INFO] 2025-06-27 18:32:16,422 - expenses.services.onedrive_service: Token cache saved successfully
[INFO] 2025-06-27 18:32:16,632 - expenses.services.onedrive_service: File URL retrieved for billing_uploads/copy of s1/Screenshot%202025-03-12%20153414.png
[INFO] 2025-06-27 18:32:16,635 - expenses.services.onedrive_service: Token cache saved successfully
[INFO] 2025-06-27 18:32:16,808 - expenses.services.onedrive_service: File URL retrieved for billing_uploads/copy of s1/Screenshot%202025-03-12%20153414.png
[INFO] 2025-06-27 18:32:16,812 - expenses.services.onedrive_service: Token cache saved successfully
[INFO] 2025-06-27 18:32:17,029 - expenses.services.onedrive_service: File URL retrieved for billing_uploads/copy of s1/Screenshot%202025-03-14%20104819.png
[INFO] 2025-06-27 18:32:17,033 - expenses.services.onedrive_service: Token cache saved successfully
[INFO] 2025-06-27 18:32:17,245 - expenses.services.onedrive_service: File URL retrieved for billing_uploads/copy of s1/Screenshot%202025-03-14%20104819.png
[INFO] 2025-06-27 18:32:17,251 - expenses.services.onedrive_service: Token cache saved successfully
[INFO] 2025-06-27 18:32:17,445 - expenses.services.onedrive_service: File URL retrieved for billing_uploads/copy of s1/Screenshot%202025-03-14%20110204.png
[INFO] 2025-06-27 18:32:17,448 - expenses.services.onedrive_service: Token cache saved successfully
[INFO] 2025-06-27 18:32:17,632 - expenses.services.onedrive_service: File URL retrieved for billing_uploads/copy of s1/Screenshot%202025-03-14%20110204.png
[INFO] 2025-06-27 18:32:17,635 - expenses.services.onedrive_service: Token cache saved successfully
[INFO] 2025-06-27 18:32:17,837 - expenses.services.onedrive_service: File URL retrieved for billing_uploads/copy of s1/dataextr.pdf
[INFO] 2025-06-27 18:32:17,840 - expenses.services.onedrive_service: Token cache saved successfully
[INFO] 2025-06-27 18:32:18,059 - expenses.services.onedrive_service: File URL retrieved for billing_uploads/copy of s1/dataextr.pdf
[INFO] 2025-06-27 18:32:18,106 - expenses.services.onedrive_service: Token cache saved successfully
[INFO] 2025-06-27 18:32:18,304 - expenses.services.onedrive_service: File URL retrieved for billing_uploads/s1/cdc.jpg
[INFO] 2025-06-27 18:32:18,308 - expenses.services.onedrive_service: Token cache saved successfully
[INFO] 2025-06-27 18:32:18,514 - expenses.services.onedrive_service: File URL retrieved for billing_uploads/s1/cdc.jpg
[INFO] 2025-06-27 18:32:18,518 - expenses.services.onedrive_service: Token cache saved successfully
[INFO] 2025-06-27 18:32:18,715 - expenses.services.onedrive_service: File URL retrieved for billing_uploads/s1/CFA_Curriculum.pdf
[INFO] 2025-06-27 18:32:18,719 - expenses.services.onedrive_service: Token cache saved successfully
[INFO] 2025-06-27 18:32:18,955 - expenses.services.onedrive_service: File URL retrieved for billing_uploads/s1/CFA_Curriculum.pdf
[INFO] 2025-06-27 18:32:18,980 - expenses.services.onedrive_service: Token cache saved successfully
[INFO] 2025-06-27 18:32:19,282 - expenses.services.onedrive_service: File URL retrieved for billing_uploads/s2/dashboard.jpg
[INFO] 2025-06-27 18:32:19,287 - expenses.services.onedrive_service: Token cache saved successfully
[INFO] 2025-06-27 18:32:19,549 - expenses.services.onedrive_service: File URL retrieved for billing_uploads/s2/dashboard.jpg
[INFO] 2025-06-27 18:32:19,580 - expenses.services.onedrive_service: Token cache saved successfully
[INFO] 2025-06-27 18:32:19,793 - expenses.services.onedrive_service: File URL retrieved for billing_uploads/s2/CDC web services.txt
[INFO] 2025-06-27 18:32:19,796 - expenses.services.onedrive_service: Token cache saved successfully
[INFO] 2025-06-27 18:32:20,103 - expenses.services.onedrive_service: File URL retrieved for billing_uploads/s2/CDC web services.txt
[INFO] 2025-06-27 18:32:20,107 - expenses.services.onedrive_service: Token cache saved successfully
[INFO] 2025-06-27 18:32:20,368 - expenses.services.onedrive_service: File URL retrieved for billing_uploads/s2/cdc.jpg
[INFO] 2025-06-27 18:32:20,371 - expenses.services.onedrive_service: Token cache saved successfully
[INFO] 2025-06-27 18:32:20,587 - expenses.services.onedrive_service: File URL retrieved for billing_uploads/s2/cdc.jpg
[INFO] 2025-06-27 18:32:20,591 - expenses.services.onedrive_service: Token cache saved successfully
[INFO] 2025-06-27 18:32:20,841 - expenses.services.onedrive_service: File URL retrieved for billing_uploads/s2/CFA_Curriculum.pdf
[INFO] 2025-06-27 18:32:20,846 - expenses.services.onedrive_service: Token cache saved successfully
[INFO] 2025-06-27 18:32:21,075 - expenses.services.onedrive_service: File URL retrieved for billing_uploads/s2/CFA_Curriculum.pdf
[INFO] 2025-06-27 18:32:21,103 - expenses.services.onedrive_service: Token cache saved successfully
[INFO] 2025-06-27 18:32:21,333 - expenses.services.onedrive_service: File URL retrieved for billing_uploads/s2/Screenshot 2025-03-14 110204.png
[INFO] 2025-06-27 18:32:21,336 - expenses.services.onedrive_service: Token cache saved successfully
[INFO] 2025-06-27 18:32:21,607 - expenses.services.onedrive_service: File URL retrieved for billing_uploads/s2/Screenshot 2025-03-14 110204.png
[INFO] 2025-06-27 18:32:21,610 - expenses.services.onedrive_service: Token cache saved successfully
[INFO] 2025-06-27 18:32:21,827 - expenses.services.onedrive_service: File URL retrieved for billing_uploads/s2/Screenshot 2025-03-14 141008.png
[INFO] 2025-06-27 18:32:21,834 - expenses.services.onedrive_service: Token cache saved successfully
[INFO] 2025-06-27 18:32:22,049 - expenses.services.onedrive_service: File URL retrieved for billing_uploads/s2/Screenshot 2025-03-14 141008.png
[INFO] 2025-06-27 18:32:22,078 - expenses.services.onedrive_service: Token cache saved successfully
[INFO] 2025-06-27 18:32:22,267 - expenses.services.onedrive_service: File URL retrieved for billing_uploads/test1/CDC web services.txt
[INFO] 2025-06-27 18:32:22,271 - expenses.services.onedrive_service: Token cache saved successfully
[INFO] 2025-06-27 18:32:22,496 - expenses.services.onedrive_service: File URL retrieved for billing_uploads/test1/CDC web services.txt
[INFO] 2025-06-27 18:32:22,500 - expenses.services.onedrive_service: Token cache saved successfully
[INFO] 2025-06-27 18:32:22,859 - expenses.services.onedrive_service: File URL retrieved for billing_uploads/test1/arc.png
[INFO] 2025-06-27 18:32:22,863 - expenses.services.onedrive_service: Token cache saved successfully
[INFO] 2025-06-27 18:32:23,366 - expenses.services.onedrive_service: File URL retrieved for billing_uploads/test1/arc.png
[INFO] 2025-06-27 18:32:23,372 - expenses.services.onedrive_service: Token cache saved successfully
[INFO] 2025-06-27 18:32:23,647 - expenses.services.onedrive_service: File URL retrieved for billing_uploads/test1/Python_Certificate.pdf
[INFO] 2025-06-27 18:32:23,651 - expenses.services.onedrive_service: Token cache saved successfully
[INFO] 2025-06-27 18:32:23,900 - expenses.services.onedrive_service: File URL retrieved for billing_uploads/test1/Python_Certificate.pdf
[INFO] 2025-06-27 18:32:23,911 - expenses.services.onedrive_service: Token cache saved successfully
[INFO] 2025-06-27 18:32:24,122 - expenses.services.onedrive_service: File URL retrieved for billing_uploads/trip1/Screenshot 2025-03-14 110204.png
[INFO] 2025-06-27 18:32:24,128 - expenses.services.onedrive_service: Token cache saved successfully
[INFO] 2025-06-27 18:32:24,359 - expenses.services.onedrive_service: File URL retrieved for billing_uploads/trip1/Screenshot 2025-03-14 110204.png
[INFO] 2025-06-27 18:32:24,364 - expenses.services.onedrive_service: Token cache saved successfully
[INFO] 2025-06-27 18:32:24,567 - expenses.services.onedrive_service: File URL retrieved for billing_uploads/trip1/Screenshot 2025-03-14 141008.png
[INFO] 2025-06-27 18:32:24,573 - expenses.services.onedrive_service: Token cache saved successfully
[INFO] 2025-06-27 18:32:24,842 - expenses.services.onedrive_service: File URL retrieved for billing_uploads/trip1/Screenshot 2025-03-14 141008.png
[INFO] 2025-06-27 18:32:24,850 - expenses.services.onedrive_service: Token cache saved successfully
[INFO] 2025-06-27 18:32:25,075 - expenses.services.onedrive_service: File URL retrieved for billing_uploads/trip1/Screenshot 2025-03-14 142857.png
[INFO] 2025-06-27 18:32:25,080 - expenses.services.onedrive_service: Token cache saved successfully
[INFO] 2025-06-27 18:32:25,283 - expenses.services.onedrive_service: File URL retrieved for billing_uploads/trip1/Screenshot 2025-03-14 142857.png
[INFO] 2025-06-27 18:32:25,288 - expenses.services.onedrive_service: Token cache saved successfully
[INFO] 2025-06-27 18:32:25,474 - expenses.services.onedrive_service: File URL retrieved for billing_uploads/trip1/Screenshot 2025-03-17 120441.png
[INFO] 2025-06-27 18:32:25,479 - expenses.services.onedrive_service: Token cache saved successfully
[INFO] 2025-06-27 18:32:25,690 - expenses.services.onedrive_service: File URL retrieved for billing_uploads/trip1/Screenshot 2025-03-17 120441.png
[INFO] 2025-06-27 18:32:25,692 - django.server: "GET /api/expense-forms/ HTTP/1.1" 200 13477
